Dataset=stl10 | loss_type=triplet
Labeled=5000, Unlabeled=100000
[START] training from scratch
[BEST] Epoch 0 | Acc 0.7091
Epoch 0 | Loss 1.2676 | CE 0.9562 | Contra 0.3114 | Acc 0.7091
[BEST] Epoch 1 | Acc 0.7409
Epoch 1 | Loss 0.7497 | CE 0.6015 | Contra 0.1482 | Acc 0.7409
[BEST] Epoch 2 | Acc 0.7890
Epoch 2 | Loss 0.6272 | CE 0.5204 | Contra 0.1069 | Acc 0.7890
[BEST] Epoch 3 | Acc 0.8043
Epoch 3 | Loss 0.5313 | CE 0.4435 | Contra 0.0879 | Acc 0.8043
Epoch 4 | Loss 0.5257 | CE 0.4376 | Contra 0.0881 | Acc 0.6721
[BEST] Epoch 5 | Acc 0.8083
Epoch 5 | Loss 0.4915 | CE 0.4203 | Contra 0.0712 | Acc 0.8083
Epoch 6 | Loss 0.4403 | CE 0.3727 | Contra 0.0676 | Acc 0.7997
[BEST] Epoch 7 | Acc 0.8110
Epoch 7 | Loss 0.3569 | CE 0.3057 | Contra 0.0512 | Acc 0.8110
Epoch 8 | Loss 0.3679 | CE 0.3175 | Contra 0.0504 | Acc 0.8050
Epoch 9 | Loss 0.3555 | CE 0.3140 | Contra 0.0415 | Acc 0.8043
Epoch 10 | Loss 0.3534 | CE 0.3004 | Contra 0.0530 | Acc 0.7983
Epoch 11 | Loss 0.3917 | CE 0.3328 | Contra 0.0588 | Acc 0.7714
Epoch 12 | Loss 0.3570 | CE 0.3010 | Contra 0.0559 | Acc 0.7705
Epoch 13 | Loss 0.2957 | CE 0.2575 | Contra 0.0381 | Acc 0.7904
Epoch 14 | Loss 0.3082 | CE 0.2653 | Contra 0.0429 | Acc 0.7840
Dataset=stl10 | loss_type=triplet
Labeled=5000, Unlabeled=100000
[RESUME] epoch=15, best_acc=0.8110
[BEST] Epoch 15 | Acc 0.8229
Epoch 15 | Loss 0.3019 | CE 0.2568 | Contra 0.0451 | Acc 0.8229
[BEST] Epoch 16 | Acc 0.8290
Epoch 16 | Loss 0.3133 | CE 0.2716 | Contra 0.0418 | Acc 0.8290
Epoch 17 | Loss 0.2867 | CE 0.2516 | Contra 0.0351 | Acc 0.8134
Dataset=stl10 | loss_type=triplet
Labeled=5000, Unlabeled=100000
[RESUME] epoch=18, best_acc=0.8290
[BEST] Epoch 18 | Acc 0.8324
Epoch 18 | Loss 0.2793 | CE 0.2389 | Contra 0.0404 | Acc 0.8324
Epoch 19 | Loss 0.2405 | CE 0.2129 | Contra 0.0276 | Acc 0.7985
Epoch 20 | Loss 0.2412 | CE 0.2112 | Contra 0.0299 | Acc 0.8251
[BEST] Epoch 21 | Acc 0.8384
Epoch 21 | Loss 0.2607 | CE 0.2245 | Contra 0.0362 | Acc 0.8384
[BEST] Epoch 22 | Acc 0.8454
Epoch 22 | Loss 0.2502 | CE 0.2148 | Contra 0.0354 | Acc 0.8454
Epoch 23 | Loss 0.2483 | CE 0.2165 | Contra 0.0318 | Acc 0.8027
Epoch 24 | Loss 0.2411 | CE 0.2093 | Contra 0.0318 | Acc 0.8187
Epoch 25 | Loss 0.2350 | CE 0.2025 | Contra 0.0325 | Acc 0.8173
Epoch 26 | Loss 0.2360 | CE 0.2100 | Contra 0.0260 | Acc 0.8139
Epoch 27 | Loss 0.2284 | CE 0.1957 | Contra 0.0327 | Acc 0.8331
Dataset=stl10 | loss_type=triplet
Labeled=5000, Unlabeled=100000
[RESUME] epoch=28, best_acc=0.8454
Epoch 28 | Loss 0.2421 | CE 0.2095 | Contra 0.0326 | Acc 0.8311
Epoch 29 | Loss 0.2063 | CE 0.1801 | Contra 0.0262 | Acc 0.8150
[BEST] Epoch 30 | Acc 0.8455
Epoch 30 | Loss 0.2167 | CE 0.1873 | Contra 0.0294 | Acc 0.8455
Epoch 31 | Loss 0.1986 | CE 0.1747 | Contra 0.0239 | Acc 0.8321
Epoch 32 | Loss 0.1902 | CE 0.1681 | Contra 0.0221 | Acc 0.7990
Epoch 33 | Loss 0.2308 | CE 0.2030 | Contra 0.0278 | Acc 0.8130
Epoch 34 | Loss 0.1808 | CE 0.1582 | Contra 0.0225 | Acc 0.8325
Epoch 35 | Loss 0.2097 | CE 0.1785 | Contra 0.0313 | Acc 0.8141
Epoch 36 | Loss 0.2131 | CE 0.1837 | Contra 0.0294 | Acc 0.8179
Epoch 37 | Loss 0.2104 | CE 0.1847 | Contra 0.0258 | Acc 0.7911
Epoch 38 | Loss 0.1869 | CE 0.1637 | Contra 0.0231 | Acc 0.7720
[BEST] Epoch 39 | Acc 0.8482
Epoch 39 | Loss 0.1870 | CE 0.1641 | Contra 0.0229 | Acc 0.8482
Epoch 40 | Loss 0.1930 | CE 0.1680 | Contra 0.0251 | Acc 0.8417
Epoch 41 | Loss 0.1555 | CE 0.1367 | Contra 0.0188 | Acc 0.8171
Dataset=stl10 | loss_type=triplet
Labeled=5000, Unlabeled=100000
[RESUME] epoch=42, best_acc=0.8482
Epoch 42 | Loss 0.1528 | CE 0.1340 | Contra 0.0188 | Acc 0.8371
Epoch 43 | Loss 0.1692 | CE 0.1482 | Contra 0.0209 | Acc 0.8360
Epoch 44 | Loss 0.1512 | CE 0.1325 | Contra 0.0186 | Acc 0.8452
Epoch 45 | Loss 0.1567 | CE 0.1388 | Contra 0.0178 | Acc 0.8438
Epoch 46 | Loss 0.1844 | CE 0.1627 | Contra 0.0217 | Acc 0.8399
Epoch 47 | Loss 0.1584 | CE 0.1375 | Contra 0.0210 | Acc 0.8201
[BEST] Epoch 48 | Acc 0.8579
Epoch 48 | Loss 0.1404 | CE 0.1244 | Contra 0.0159 | Acc 0.8579
Epoch 49 | Loss 0.1351 | CE 0.1163 | Contra 0.0188 | Acc 0.8465
Epoch 50 | Loss 0.1568 | CE 0.1358 | Contra 0.0211 | Acc 0.8409
Epoch 51 | Loss 0.1516 | CE 0.1332 | Contra 0.0184 | Acc 0.8406
Epoch 52 | Loss 0.1539 | CE 0.1346 | Contra 0.0193 | Acc 0.8490
Epoch 53 | Loss 0.1491 | CE 0.1286 | Contra 0.0205 | Acc 0.8225
Epoch 54 | Loss 0.1720 | CE 0.1493 | Contra 0.0227 | Acc 0.8484
Epoch 55 | Loss 0.1604 | CE 0.1368 | Contra 0.0236 | Acc 0.8060
Epoch 56 | Loss 0.1557 | CE 0.1343 | Contra 0.0214 | Acc 0.8323
Epoch 57 | Loss 0.1709 | CE 0.1494 | Contra 0.0215 | Acc 0.8007
Dataset=stl10 | loss_type=triplet
Labeled=5000, Unlabeled=100000
[RESUME] epoch=58, best_acc=0.8579
Epoch 58 | Loss 0.1515 | CE 0.1312 | Contra 0.0203 | Acc 0.8471
Epoch 59 | Loss 0.1379 | CE 0.1202 | Contra 0.0177 | Acc 0.8313
Epoch 60 | Loss 0.1771 | CE 0.1538 | Contra 0.0233 | Acc 0.8424
Epoch 61 | Loss 0.1582 | CE 0.1363 | Contra 0.0219 | Acc 0.8489
Epoch 62 | Loss 0.1298 | CE 0.1122 | Contra 0.0177 | Acc 0.8435
Epoch 63 | Loss 0.1422 | CE 0.1234 | Contra 0.0189 | Acc 0.8431
Epoch 64 | Loss 0.1371 | CE 0.1205 | Contra 0.0167 | Acc 0.8421
Epoch 65 | Loss 0.1307 | CE 0.1157 | Contra 0.0150 | Acc 0.8441
Epoch 66 | Loss 0.1176 | CE 0.1031 | Contra 0.0144 | Acc 0.8394
Epoch 67 | Loss 0.1259 | CE 0.1115 | Contra 0.0144 | Acc 0.8521
Epoch 68 | Loss 0.1337 | CE 0.1156 | Contra 0.0182 | Acc 0.8390
[EARLY STOP] No improvement for 20 epochs
