2026-01-09 06:05:05,293 | Dataset: stl10
2026-01-09 06:05:15,909 | Start Training...
2026-01-09 06:05:24,427 | Epoch 000 | Loss: 1.9357 | Sup: 1.9357 | Uns: 0.0000 | Con: 0.0000 | Mask: 0.00 | EMA: 0.99000 | Best: 0.3410
2026-01-09 06:05:24,446 | --> Saved New Best Acc: 0.3410
2026-01-09 06:05:32,773 | Epoch 001 | Loss: 1.7271 | Sup: 1.7271 | Uns: 0.0000 | Con: 0.0000 | Mask: 0.00 | EMA: 0.99001 | Best: 0.3693
2026-01-09 06:05:32,817 | --> Saved New Best Acc: 0.3693
2026-01-09 06:05:41,169 | Epoch 002 | Loss: 1.6321 | Sup: 1.6321 | Uns: 0.0000 | Con: 0.0000 | Mask: 0.00 | EMA: 0.99004 | Best: 0.4078
2026-01-09 06:05:41,216 | --> Saved New Best Acc: 0.4078
2026-01-09 06:05:49,786 | Epoch 003 | Loss: 1.6305 | Sup: 1.5773 | Uns: 0.0004 | Con: 0.0527 | Mask: 0.00 | EMA: 0.99009 | Best: 0.4078
2026-01-09 06:05:58,491 | Epoch 004 | Loss: 1.5766 | Sup: 1.5190 | Uns: 0.0024 | Con: 0.0552 | Mask: 0.01 | EMA: 0.99016 | Best: 0.4415
2026-01-09 06:05:58,491 | ==============================
2026-01-09 06:05:58,491 | Detailed Report @ Epoch 4
2026-01-09 06:05:58,491 | ==============================
2026-01-09 06:06:00,737 | 
[Student Model Report]
              precision    recall  f1-score   support

    airplane     0.6225    0.5938    0.6078       800
        bird     0.2973    0.5500    0.3860       800
         car     0.6681    0.5837    0.6231       800
         cat     0.5397    0.0425    0.0788       800
        deer     0.3936    0.4487    0.4194       800
         dog     0.3810    0.0100    0.0195       800
       horse     0.4402    0.3862    0.4115       800
      monkey     0.3030    0.5950    0.4015       800
        ship     0.5924    0.6450    0.6176       800
       truck     0.4880    0.5600    0.5215       800

    accuracy                         0.4415      8000
   macro avg     0.4726    0.4415    0.4087      8000
weighted avg     0.4726    0.4415    0.4087      8000

2026-01-09 06:06:02,977 | 
[Teacher Model Report]
              precision    recall  f1-score   support

    airplane     0.7162    0.5425    0.6174       800
        bird     0.3676    0.3125    0.3378       800
         car     0.6486    0.6438    0.6462       800
         cat     1.0000    0.0013    0.0025       800
        deer     0.1860    0.9038    0.3085       800
         dog     0.5455    0.0075    0.0148       800
       horse     0.5851    0.0688    0.1230       800
      monkey     0.4450    0.1062    0.1715       800
        ship     0.4534    0.7975    0.5782       800
       truck     0.6109    0.2512    0.3561       800

    accuracy                         0.3635      8000
   macro avg     0.5558    0.3635    0.3156      8000
weighted avg     0.5558    0.3635    0.3156      8000

2026-01-09 06:06:02,977 | ==============================
2026-01-09 06:06:03,027 | --> Saved New Best Acc: 0.4415
2026-01-09 06:06:12,023 | Epoch 005 | Loss: 1.5482 | Sup: 1.4883 | Uns: 0.0059 | Con: 0.0540 | Mask: 0.02 | EMA: 0.99024 | Best: 0.4415
2026-01-09 06:06:21,015 | Epoch 006 | Loss: 1.4866 | Sup: 1.4491 | Uns: 0.0056 | Con: 0.0319 | Mask: 0.01 | EMA: 0.99035 | Best: 0.4415
2026-01-09 06:06:30,475 | Epoch 007 | Loss: 1.4780 | Sup: 1.4212 | Uns: 0.0084 | Con: 0.0484 | Mask: 0.02 | EMA: 0.99048 | Best: 0.4694
2026-01-09 06:06:30,507 | --> Saved New Best Acc: 0.4694
2026-01-09 06:06:40,070 | Epoch 008 | Loss: 1.4278 | Sup: 1.3700 | Uns: 0.0163 | Con: 0.0414 | Mask: 0.04 | EMA: 0.99062 | Best: 0.4694
2026-01-09 06:06:49,811 | Epoch 009 | Loss: 1.4599 | Sup: 1.3675 | Uns: 0.0519 | Con: 0.0405 | Mask: 0.09 | EMA: 0.99078 | Best: 0.4694
2026-01-09 06:06:49,811 | ==============================
2026-01-09 06:06:49,811 | Detailed Report @ Epoch 9
2026-01-09 06:06:49,811 | ==============================
2026-01-09 06:06:52,046 | 
[Student Model Report]
              precision    recall  f1-score   support

    airplane     0.7965    0.3962    0.5292       800
        bird     0.2513    0.7987    0.3823       800
         car     0.4413    0.8975    0.5917       800
         cat     0.8333    0.0063    0.0124       800
        deer     0.3587    0.4425    0.3962       800
         dog     0.3714    0.0163    0.0311       800
       horse     0.5130    0.3950    0.4463       800
      monkey     0.4496    0.4575    0.4535       800
        ship     0.6832    0.5337    0.5993       800
       truck     0.5616    0.2450    0.3412       800

    accuracy                         0.4189      8000
   macro avg     0.5260    0.4189    0.3783      8000
weighted avg     0.5260    0.4189    0.3783      8000

2026-01-09 06:06:54,268 | 
[Teacher Model Report]
              precision    recall  f1-score   support

    airplane     0.4395    0.6813    0.5343       800
        bird     0.1468    0.9650    0.2548       800
         car     0.4791    0.6750    0.5605       800
         cat     0.4583    0.0138    0.0267       800
        deer     0.7333    0.0275    0.0530       800
         dog     0.2222    0.0175    0.0324       800
       horse     0.5152    0.0213    0.0408       800
      monkey     0.5536    0.0775    0.1360       800
        ship     0.7766    0.0912    0.1633       800
       truck     0.7059    0.0150    0.0294       800

    accuracy                         0.2585      8000
   macro avg     0.5031    0.2585    0.1831      8000
weighted avg     0.5031    0.2585    0.1831      8000

2026-01-09 06:06:54,268 | ==============================
2026-01-09 06:07:04,005 | Epoch 010 | Loss: 1.3998 | Sup: 1.3262 | Uns: 0.0410 | Con: 0.0326 | Mask: 0.09 | EMA: 0.99095 | Best: 0.4694
2026-01-09 06:07:13,769 | Epoch 011 | Loss: 1.3964 | Sup: 1.3204 | Uns: 0.0469 | Con: 0.0291 | Mask: 0.10 | EMA: 0.99115 | Best: 0.4726
2026-01-09 06:07:13,817 | --> Saved New Best Acc: 0.4726
2026-01-09 06:07:23,572 | Epoch 012 | Loss: 1.3722 | Sup: 1.3020 | Uns: 0.0429 | Con: 0.0274 | Mask: 0.11 | EMA: 0.99136 | Best: 0.4726
2026-01-09 06:07:33,315 | Epoch 013 | Loss: 1.3341 | Sup: 1.2677 | Uns: 0.0410 | Con: 0.0254 | Mask: 0.12 | EMA: 0.99158 | Best: 0.4776
2026-01-09 06:07:33,341 | --> Saved New Best Acc: 0.4776
2026-01-09 06:07:43,124 | Epoch 014 | Loss: 1.3492 | Sup: 1.2786 | Uns: 0.0473 | Con: 0.0233 | Mask: 0.12 | EMA: 0.99181 | Best: 0.5242
2026-01-09 06:07:43,124 | ==============================
2026-01-09 06:07:43,124 | Detailed Report @ Epoch 14
2026-01-09 06:07:43,124 | ==============================
2026-01-09 06:07:45,367 | 
[Student Model Report]
              precision    recall  f1-score   support

    airplane     0.5639    0.7662    0.6497       800
        bird     0.4092    0.5913    0.4836       800
         car     0.8678    0.4925    0.6284       800
         cat     0.4849    0.2412    0.3222       800
        deer     0.4300    0.5262    0.4733       800
         dog     0.4554    0.1850    0.2631       800
       horse     0.5205    0.5563    0.5378       800
      monkey     0.4138    0.5938    0.4877       800
        ship     0.6472    0.7750    0.7053       800
       truck     0.6438    0.5150    0.5722       800

    accuracy                         0.5242      8000
   macro avg     0.5436    0.5242    0.5123      8000
weighted avg     0.5436    0.5242    0.5123      8000

2026-01-09 06:07:47,637 | 
[Teacher Model Report]
              precision    recall  f1-score   support

    airplane     0.7020    0.5800    0.6352       800
        bird     0.4652    0.5012    0.4826       800
         car     0.5883    0.8413    0.6924       800
         cat     0.2860    0.6250    0.3925       800
        deer     0.5783    0.2537    0.3527       800
         dog     0.5122    0.0525    0.0952       800
       horse     0.5980    0.4537    0.5160       800
      monkey     0.4793    0.3625    0.4128       800
        ship     0.5068    0.8375    0.6315       800
       truck     0.6392    0.4938    0.5571       800

    accuracy                         0.5001      8000
   macro avg     0.5355    0.5001    0.4768      8000
weighted avg     0.5355    0.5001    0.4768      8000

2026-01-09 06:07:47,637 | ==============================
2026-01-09 06:07:47,663 | --> Saved New Best Acc: 0.5242
2026-01-09 06:07:57,354 | Epoch 015 | Loss: 1.3408 | Sup: 1.2564 | Uns: 0.0616 | Con: 0.0227 | Mask: 0.14 | EMA: 0.99206 | Best: 0.5242
2026-01-09 06:08:07,065 | Epoch 016 | Loss: 1.2718 | Sup: 1.2087 | Uns: 0.0426 | Con: 0.0204 | Mask: 0.13 | EMA: 0.99232 | Best: 0.5242
2026-01-09 06:08:16,794 | Epoch 017 | Loss: 1.2901 | Sup: 1.2234 | Uns: 0.0477 | Con: 0.0190 | Mask: 0.14 | EMA: 0.99259 | Best: 0.5242
2026-01-09 06:08:26,521 | Epoch 018 | Loss: 1.2967 | Sup: 1.2131 | Uns: 0.0657 | Con: 0.0179 | Mask: 0.16 | EMA: 0.99287 | Best: 0.5242
2026-01-09 06:08:36,230 | Epoch 019 | Loss: 1.2725 | Sup: 1.1964 | Uns: 0.0595 | Con: 0.0166 | Mask: 0.16 | EMA: 0.99316 | Best: 0.5248
2026-01-09 06:08:36,231 | ==============================
2026-01-09 06:08:36,231 | Detailed Report @ Epoch 19
2026-01-09 06:08:36,231 | ==============================
2026-01-09 06:08:38,476 | 
[Student Model Report]
              precision    recall  f1-score   support

    airplane     0.5844    0.7662    0.6631       800
        bird     0.2225    0.8575    0.3533       800
         car     0.4512    0.9025    0.6017       800
         cat     0.5550    0.1325    0.2139       800
        deer     0.4288    0.3875    0.4071       800
         dog     0.5333    0.0200    0.0386       800
       horse     0.6005    0.2838    0.3854       800
      monkey     0.5899    0.3362    0.4283       800
        ship     0.7977    0.4288    0.5577       800
       truck     0.7167    0.0537    0.1000       800

    accuracy                         0.4169      8000
   macro avg     0.5480    0.4169    0.3749      8000
weighted avg     0.5480    0.4169    0.3749      8000

2026-01-09 06:08:40,718 | 
[Teacher Model Report]
              precision    recall  f1-score   support

    airplane     0.6440    0.7325    0.6854       800
        bird     0.5528    0.4512    0.4969       800
         car     0.8173    0.6150    0.7019       800
         cat     0.9444    0.0425    0.0813       800
        deer     0.5000    0.3588    0.4178       800
         dog     0.3333    0.4138    0.3692       800
       horse     0.4575    0.7338    0.5636       800
      monkey     0.3560    0.6412    0.4578       800
        ship     0.7923    0.5625    0.6579       800
       truck     0.5926    0.6963    0.6402       800

    accuracy                         0.5248      8000
   macro avg     0.5990    0.5247    0.5072      8000
weighted avg     0.5990    0.5248    0.5072      8000

2026-01-09 06:08:40,718 | ==============================
2026-01-09 06:08:40,751 | --> Saved New Best Acc: 0.5248
2026-01-09 06:08:50,458 | Epoch 020 | Loss: 1.2222 | Sup: 1.1624 | Uns: 0.0428 | Con: 0.0169 | Mask: 0.13 | EMA: 0.99345 | Best: 0.5430
2026-01-09 06:08:50,500 | --> Saved New Best Acc: 0.5430
2026-01-09 06:09:00,210 | Epoch 021 | Loss: 1.2442 | Sup: 1.1625 | Uns: 0.0656 | Con: 0.0162 | Mask: 0.20 | EMA: 0.99376 | Best: 0.5430
2026-01-09 06:09:09,938 | Epoch 022 | Loss: 1.2469 | Sup: 1.1616 | Uns: 0.0691 | Con: 0.0161 | Mask: 0.20 | EMA: 0.99406 | Best: 0.5430
2026-01-09 06:09:19,739 | Epoch 023 | Loss: 1.2133 | Sup: 1.1321 | Uns: 0.0656 | Con: 0.0156 | Mask: 0.19 | EMA: 0.99437 | Best: 0.5497
2026-01-09 06:09:19,766 | --> Saved New Best Acc: 0.5497
2026-01-09 06:09:29,533 | Epoch 024 | Loss: 1.1827 | Sup: 1.1155 | Uns: 0.0533 | Con: 0.0140 | Mask: 0.16 | EMA: 0.99469 | Best: 0.5497
2026-01-09 06:09:29,533 | ==============================
2026-01-09 06:09:29,533 | Detailed Report @ Epoch 24
2026-01-09 06:09:29,533 | ==============================
2026-01-09 06:09:31,817 | 
[Student Model Report]
              precision    recall  f1-score   support

    airplane     0.7374    0.5650    0.6398       800
        bird     0.6117    0.4313    0.5059       800
         car     0.9098    0.4537    0.6055       800
         cat     0.5682    0.2188    0.3159       800
        deer     0.5062    0.5112    0.5087       800
         dog     0.4602    0.2313    0.3078       800
       horse     0.3280    0.8700    0.4764       800
      monkey     0.4976    0.3812    0.4317       800
        ship     0.4411    0.9413    0.6007       800
       truck     0.6530    0.3787    0.4794       800

    accuracy                         0.4983      8000
   macro avg     0.5713    0.4982    0.4872      8000
weighted avg     0.5713    0.4983    0.4872      8000

2026-01-09 06:09:34,062 | 
[Teacher Model Report]
              precision    recall  f1-score   support

    airplane     0.5972    0.7450    0.6630       800
        bird     0.3861    0.6713    0.4902       800
         car     0.6204    0.7600    0.6831       800
         cat     0.8596    0.0612    0.1144       800
        deer     0.4638    0.4963    0.4795       800
         dog     0.4309    0.2687    0.3310       800
       horse     0.3732    0.7875    0.5064       800
      monkey     0.4684    0.4625    0.4654       800
        ship     0.8205    0.4400    0.5728       800
       truck     0.8077    0.3150    0.4532       800

    accuracy                         0.5008      8000
   macro avg     0.5828    0.5008    0.4759      8000
weighted avg     0.5828    0.5008    0.4759      8000

2026-01-09 06:09:34,063 | ==============================
2026-01-09 06:09:43,874 | Epoch 025 | Loss: 1.1843 | Sup: 1.1079 | Uns: 0.0632 | Con: 0.0132 | Mask: 0.20 | EMA: 0.99500 | Best: 0.5513
2026-01-09 06:09:43,913 | --> Saved New Best Acc: 0.5513
2026-01-09 06:09:53,711 | Epoch 026 | Loss: 1.1765 | Sup: 1.0947 | Uns: 0.0688 | Con: 0.0130 | Mask: 0.20 | EMA: 0.99531 | Best: 0.5513
2026-01-09 06:10:03,413 | Epoch 027 | Loss: 1.1947 | Sup: 1.0908 | Uns: 0.0906 | Con: 0.0133 | Mask: 0.22 | EMA: 0.99563 | Best: 0.5513
2026-01-09 06:10:13,122 | Epoch 028 | Loss: 1.1680 | Sup: 1.0775 | Uns: 0.0778 | Con: 0.0127 | Mask: 0.23 | EMA: 0.99594 | Best: 0.5547
2026-01-09 06:10:13,154 | --> Saved New Best Acc: 0.5547
2026-01-09 06:10:22,863 | Epoch 029 | Loss: 1.2512 | Sup: 1.0980 | Uns: 0.1403 | Con: 0.0129 | Mask: 0.31 | EMA: 0.99624 | Best: 0.5547
2026-01-09 06:10:22,863 | ==============================
2026-01-09 06:10:22,863 | Detailed Report @ Epoch 29
2026-01-09 06:10:22,863 | ==============================
2026-01-09 06:10:25,107 | 
[Student Model Report]
              precision    recall  f1-score   support

    airplane     0.7703    0.4988    0.6055       800
        bird     0.4693    0.6300    0.5379       800
         car     0.6119    0.8100    0.6971       800
         cat     0.5238    0.1237    0.2002       800
        deer     0.5315    0.3162    0.3966       800
         dog     0.5420    0.0887    0.1525       800
       horse     0.4822    0.6438    0.5514       800
      monkey     0.5747    0.4037    0.4743       800
        ship     0.2814    0.8013    0.4165       800
       truck     0.6667    0.5375    0.5952       800

    accuracy                         0.4854      8000
   macro avg     0.5454    0.4854    0.4627      8000
weighted avg     0.5454    0.4854    0.4627      8000

2026-01-09 06:10:27,375 | 
[Teacher Model Report]
              precision    recall  f1-score   support

    airplane     0.6015    0.5850    0.5932       800
        bird     0.8029    0.2087    0.3313       800
         car     0.7899    0.5450    0.6450       800
         cat     0.4656    0.2963    0.3621       800
        deer     0.6817    0.2462    0.3618       800
         dog     0.4533    0.2487    0.3212       800
       horse     0.3868    0.7500    0.5104       800
      monkey     0.4758    0.3688    0.4155       800
        ship     0.3621    0.9187    0.5194       800
       truck     0.5068    0.6488    0.5691       800

    accuracy                         0.4816      8000
   macro avg     0.5526    0.4816    0.4629      8000
weighted avg     0.5526    0.4816    0.4629      8000

2026-01-09 06:10:27,375 | ==============================
2026-01-09 06:10:37,064 | Epoch 030 | Loss: 1.2340 | Sup: 1.0888 | Uns: 0.1327 | Con: 0.0125 | Mask: 0.28 | EMA: 0.99655 | Best: 0.5547
2026-01-09 06:10:46,822 | Epoch 031 | Loss: 1.3146 | Sup: 1.1105 | Uns: 0.1916 | Con: 0.0125 | Mask: 0.33 | EMA: 0.99684 | Best: 0.5547
2026-01-09 06:10:56,654 | Epoch 032 | Loss: 1.4531 | Sup: 1.1951 | Uns: 0.2449 | Con: 0.0130 | Mask: 0.41 | EMA: 0.99713 | Best: 0.5605
2026-01-09 06:10:56,700 | --> Saved New Best Acc: 0.5605
2026-01-09 06:11:06,477 | Epoch 033 | Loss: 1.1491 | Sup: 1.0449 | Uns: 0.0930 | Con: 0.0112 | Mask: 0.27 | EMA: 0.99741 | Best: 0.5605
2026-01-09 06:11:16,292 | Epoch 034 | Loss: 1.1959 | Sup: 1.0591 | Uns: 0.1260 | Con: 0.0107 | Mask: 0.31 | EMA: 0.99768 | Best: 0.5605
2026-01-09 06:11:16,293 | ==============================
2026-01-09 06:11:16,293 | Detailed Report @ Epoch 34
2026-01-09 06:11:16,293 | ==============================
2026-01-09 06:11:18,556 | 
[Student Model Report]
              precision    recall  f1-score   support

    airplane     0.8222    0.5550    0.6627       800
        bird     0.5302    0.4175    0.4671       800
         car     0.6802    0.8562    0.7582       800
         cat     0.6234    0.2462    0.3530       800
        deer     0.6642    0.3312    0.4420       800
         dog     0.5820    0.1375    0.2224       800
       horse     0.5491    0.6425    0.5922       800
      monkey     0.3149    0.8163    0.4544       800
        ship     0.5759    0.8013    0.6702       800
       truck     0.6558    0.6525    0.6541       800

    accuracy                         0.5456      8000
   macro avg     0.5998    0.5456    0.5276      8000
weighted avg     0.5998    0.5456    0.5276      8000

2026-01-09 06:11:20,828 | 
[Teacher Model Report]
              precision    recall  f1-score   support

    airplane     0.5186    0.7488    0.6128       800
        bird     0.6232    0.3162    0.4196       800
         car     0.8288    0.6475    0.7270       800
         cat     0.4910    0.2712    0.3494       800
        deer     0.6809    0.2800    0.3968       800
         dog     0.5764    0.1037    0.1758       800
       horse     0.4721    0.7412    0.5768       800
      monkey     0.4572    0.5075    0.4810       800
        ship     0.3490    0.9163    0.5055       800
       truck     0.6656    0.5450    0.5993       800

    accuracy                         0.5078      8000
   macro avg     0.5663    0.5077    0.4844      8000
weighted avg     0.5663    0.5078    0.4844      8000

2026-01-09 06:11:20,829 | ==============================
2026-01-09 06:11:30,704 | Epoch 035 | Loss: 1.1508 | Sup: 1.0315 | Uns: 0.1087 | Con: 0.0106 | Mask: 0.31 | EMA: 0.99794 | Best: 0.5605
2026-01-09 06:11:40,488 | Epoch 036 | Loss: 1.1177 | Sup: 1.0141 | Uns: 0.0936 | Con: 0.0101 | Mask: 0.27 | EMA: 0.99819 | Best: 0.5605
2026-01-09 06:11:50,325 | Epoch 037 | Loss: 1.0885 | Sup: 0.9858 | Uns: 0.0927 | Con: 0.0100 | Mask: 0.29 | EMA: 0.99842 | Best: 0.5927
2026-01-09 06:11:50,352 | --> Saved New Best Acc: 0.5927
2026-01-09 06:12:00,103 | Epoch 038 | Loss: 1.0831 | Sup: 0.9858 | Uns: 0.0876 | Con: 0.0096 | Mask: 0.30 | EMA: 0.99864 | Best: 0.5927
2026-01-09 06:12:09,903 | Epoch 039 | Loss: 1.0829 | Sup: 0.9795 | Uns: 0.0938 | Con: 0.0097 | Mask: 0.31 | EMA: 0.99885 | Best: 0.5927
2026-01-09 06:12:09,903 | ==============================
2026-01-09 06:12:09,903 | Detailed Report @ Epoch 39
2026-01-09 06:12:09,903 | ==============================
2026-01-09 06:12:12,181 | 
[Student Model Report]
              precision    recall  f1-score   support

    airplane     0.6603    0.7825    0.7162       800
        bird     0.4498    0.5713    0.5033       800
         car     0.7544    0.8100    0.7812       800
         cat     0.6366    0.3175    0.4237       800
        deer     0.6590    0.3237    0.4342       800
         dog     0.5644    0.2737    0.3687       800
       horse     0.5943    0.6462    0.6192       800
      monkey     0.3599    0.7400    0.4843       800
        ship     0.6789    0.8350    0.7489       800
       truck     0.8032    0.5000    0.6163       800

    accuracy                         0.5800      8000
   macro avg     0.6161    0.5800    0.5696      8000
weighted avg     0.6161    0.5800    0.5696      8000

2026-01-09 06:12:14,443 | 
[Teacher Model Report]
              precision    recall  f1-score   support

    airplane     0.5904    0.7512    0.6612       800
        bird     0.6073    0.3962    0.4796       800
         car     0.8656    0.4587    0.5997       800
         cat     0.5202    0.2737    0.3587       800
        deer     0.7606    0.2462    0.3720       800
         dog     0.4027    0.3412    0.3694       800
       horse     0.4414    0.7863    0.5654       800
      monkey     0.4690    0.4450    0.4567       800
        ship     0.5013    0.7325    0.5952       800
       truck     0.5011    0.8300    0.6249       800

    accuracy                         0.5261      8000
   macro avg     0.5660    0.5261    0.5083      8000
weighted avg     0.5660    0.5261    0.5083      8000

2026-01-09 06:12:14,444 | ==============================
2026-01-09 06:12:24,270 | Epoch 040 | Loss: 1.1050 | Sup: 0.9827 | Uns: 0.1126 | Con: 0.0097 | Mask: 0.33 | EMA: 0.99905 | Best: 0.5956
2026-01-09 06:12:24,309 | --> Saved New Best Acc: 0.5956
2026-01-09 06:12:34,043 | Epoch 041 | Loss: 1.1092 | Sup: 0.9824 | Uns: 0.1172 | Con: 0.0095 | Mask: 0.34 | EMA: 0.99922 | Best: 0.5956
2026-01-09 06:12:43,862 | Epoch 042 | Loss: 1.1063 | Sup: 0.9746 | Uns: 0.1223 | Con: 0.0094 | Mask: 0.35 | EMA: 0.99938 | Best: 0.5956
2026-01-09 06:12:53,583 | Epoch 043 | Loss: 1.0924 | Sup: 0.9627 | Uns: 0.1203 | Con: 0.0094 | Mask: 0.37 | EMA: 0.99952 | Best: 0.5956
2026-01-09 06:13:03,309 | Epoch 044 | Loss: 1.0892 | Sup: 0.9569 | Uns: 0.1229 | Con: 0.0093 | Mask: 0.36 | EMA: 0.99965 | Best: 0.5956
2026-01-09 06:13:03,309 | ==============================
2026-01-09 06:13:03,309 | Detailed Report @ Epoch 44
2026-01-09 06:13:03,309 | ==============================
2026-01-09 06:13:05,541 | 
[Student Model Report]
              precision    recall  f1-score   support

    airplane     0.6944    0.7412    0.7170       800
        bird     0.5859    0.4900    0.5337       800
         car     0.8296    0.6875    0.7519       800
         cat     0.6744    0.2537    0.3688       800
        deer     0.6086    0.4238    0.4996       800
         dog     0.4772    0.3663    0.4144       800
       horse     0.4652    0.8100    0.5910       800
      monkey     0.4367    0.5825    0.4992       800
        ship     0.6534    0.7800    0.7111       800
       truck     0.6440    0.7462    0.6914       800

    accuracy                         0.5881      8000
   macro avg     0.6069    0.5881    0.5778      8000
weighted avg     0.6069    0.5881    0.5778      8000

2026-01-09 06:13:07,783 | 
[Teacher Model Report]
              precision    recall  f1-score   support

    airplane     0.5550    0.7950    0.6536       800
        bird     0.7317    0.2625    0.3864       800
         car     0.8604    0.5238    0.6511       800
         cat     0.6420    0.2062    0.3122       800
        deer     0.7869    0.2400    0.3678       800
         dog     0.4130    0.2787    0.3328       800
       horse     0.3592    0.8738    0.5091       800
      monkey     0.4186    0.5012    0.4562       800
        ship     0.5336    0.7037    0.6070       800
       truck     0.5667    0.7650    0.6511       800

    accuracy                         0.5150      8000
   macro avg     0.5867    0.5150    0.4927      8000
weighted avg     0.5867    0.5150    0.4927      8000

2026-01-09 06:13:07,783 | ==============================
2026-01-09 06:13:17,610 | Epoch 045 | Loss: 1.0669 | Sup: 0.9481 | Uns: 0.1096 | Con: 0.0092 | Mask: 0.36 | EMA: 0.99976 | Best: 0.5956
2026-01-09 06:13:27,424 | Epoch 046 | Loss: 1.0853 | Sup: 0.9589 | Uns: 0.1173 | Con: 0.0092 | Mask: 0.38 | EMA: 0.99984 | Best: 0.5956
2026-01-09 06:13:37,186 | Epoch 047 | Loss: 1.0596 | Sup: 0.9374 | Uns: 0.1130 | Con: 0.0091 | Mask: 0.37 | EMA: 0.99991 | Best: 0.5956
2026-01-09 06:13:46,884 | Epoch 048 | Loss: 1.0866 | Sup: 0.9473 | Uns: 0.1301 | Con: 0.0092 | Mask: 0.39 | EMA: 0.99996 | Best: 0.5956
2026-01-09 06:13:56,643 | Epoch 049 | Loss: 1.0776 | Sup: 0.9537 | Uns: 0.1147 | Con: 0.0092 | Mask: 0.36 | EMA: 0.99999 | Best: 0.5956
2026-01-09 06:13:56,644 | ==============================
2026-01-09 06:13:56,644 | Detailed Report @ Epoch 49
2026-01-09 06:13:56,644 | ==============================
2026-01-09 06:13:58,882 | 
[Student Model Report]
              precision    recall  f1-score   support

    airplane     0.6627    0.7688    0.7118       800
        bird     0.6120    0.4575    0.5236       800
         car     0.8163    0.6775    0.7404       800
         cat     0.7227    0.2313    0.3504       800
        deer     0.6232    0.4300    0.5089       800
         dog     0.4863    0.3550    0.4104       800
       horse     0.4726    0.7975    0.5935       800
      monkey     0.4198    0.6350    0.5055       800
        ship     0.6543    0.7688    0.7069       800
       truck     0.6394    0.7338    0.6834       800

    accuracy                         0.5855      8000
   macro avg     0.6109    0.5855    0.5735      8000
weighted avg     0.6109    0.5855    0.5735      8000

2026-01-09 06:14:01,129 | 
[Teacher Model Report]
              precision    recall  f1-score   support

    airplane     0.5424    0.8000    0.6465       800
        bird     0.6836    0.2863    0.4035       800
         car     0.8377    0.5613    0.6722       800
         cat     0.6623    0.1888    0.2938       800
        deer     0.7915    0.2087    0.3304       800
         dog     0.4354    0.2150    0.2879       800
       horse     0.3364    0.8800    0.4867       800
      monkey     0.4186    0.4562    0.4366       800
        ship     0.5093    0.6825    0.5833       800
       truck     0.5705    0.7688    0.6550       800

    accuracy                         0.5048      8000
   macro avg     0.5788    0.5047    0.4796      8000
weighted avg     0.5788    0.5048    0.4796      8000

2026-01-09 06:14:01,129 | ==============================
2026-01-09 06:14:01,143 | Training Finished.
