2026-01-09 05:42:25,670 | Dataset: stl10
2026-01-09 05:42:36,563 | Start Training...
2026-01-09 05:42:45,017 | Epoch 000 | Loss: 1.9469 | Sup: 1.9469 | Uns: 0.0000 | Con: 0.0000 | Mask: 0.00 | EMA: 0.99000 | Best: 0.3136
2026-01-09 05:42:45,036 | --> Saved New Best Acc: 0.3136
2026-01-09 05:42:53,302 | Epoch 001 | Loss: 1.7545 | Sup: 1.7545 | Uns: 0.0000 | Con: 0.0000 | Mask: 0.00 | EMA: 0.99001 | Best: 0.3427
2026-01-09 05:42:53,327 | --> Saved New Best Acc: 0.3427
2026-01-09 05:43:01,788 | Epoch 002 | Loss: 1.6522 | Sup: 1.6500 | Uns: 0.0002 | Con: 0.0020 | Mask: 0.00 | EMA: 0.99004 | Best: 0.3508
2026-01-09 05:43:01,830 | --> Saved New Best Acc: 0.3508
2026-01-09 05:43:10,404 | Epoch 003 | Loss: 1.6022 | Sup: 1.5849 | Uns: 0.0024 | Con: 0.0149 | Mask: 0.00 | EMA: 0.99009 | Best: 0.3508
2026-01-09 05:43:19,136 | Epoch 004 | Loss: 1.6049 | Sup: 1.5657 | Uns: 0.0132 | Con: 0.0260 | Mask: 0.02 | EMA: 0.99016 | Best: 0.3508
2026-01-09 05:43:27,867 | Epoch 005 | Loss: 1.5543 | Sup: 1.5202 | Uns: 0.0071 | Con: 0.0270 | Mask: 0.01 | EMA: 0.99024 | Best: 0.4537
2026-01-09 05:43:27,913 | --> Saved New Best Acc: 0.4537
2026-01-09 05:43:36,778 | Epoch 006 | Loss: 1.4806 | Sup: 1.4426 | Uns: 0.0034 | Con: 0.0347 | Mask: 0.01 | EMA: 0.99035 | Best: 0.4537
2026-01-09 05:43:46,240 | Epoch 007 | Loss: 1.5164 | Sup: 1.4312 | Uns: 0.0120 | Con: 0.0732 | Mask: 0.03 | EMA: 0.99048 | Best: 0.4537
2026-01-09 05:43:55,869 | Epoch 008 | Loss: 1.5133 | Sup: 1.4194 | Uns: 0.0111 | Con: 0.0828 | Mask: 0.03 | EMA: 0.99062 | Best: 0.4537
2026-01-09 05:44:05,560 | Epoch 009 | Loss: 1.4992 | Sup: 1.3827 | Uns: 0.0332 | Con: 0.0833 | Mask: 0.06 | EMA: 0.99078 | Best: 0.4537
2026-01-09 05:44:15,269 | Epoch 010 | Loss: 1.5846 | Sup: 1.4012 | Uns: 0.0889 | Con: 0.0946 | Mask: 0.15 | EMA: 0.99095 | Best: 0.4537
2026-01-09 05:44:25,065 | Epoch 011 | Loss: 1.4784 | Sup: 1.3470 | Uns: 0.0443 | Con: 0.0871 | Mask: 0.10 | EMA: 0.99115 | Best: 0.4537
2026-01-09 05:44:34,847 | Epoch 012 | Loss: 1.4368 | Sup: 1.3130 | Uns: 0.0395 | Con: 0.0844 | Mask: 0.11 | EMA: 0.99136 | Best: 0.5131
2026-01-09 05:44:34,895 | --> Saved New Best Acc: 0.5131
2026-01-09 05:44:44,650 | Epoch 013 | Loss: 1.4111 | Sup: 1.2656 | Uns: 0.0624 | Con: 0.0831 | Mask: 0.14 | EMA: 0.99158 | Best: 0.5131
2026-01-09 05:44:54,367 | Epoch 014 | Loss: 1.4035 | Sup: 1.2895 | Uns: 0.0297 | Con: 0.0843 | Mask: 0.09 | EMA: 0.99181 | Best: 0.5131
2026-01-09 05:45:04,088 | Epoch 015 | Loss: 1.4029 | Sup: 1.2692 | Uns: 0.0504 | Con: 0.0832 | Mask: 0.13 | EMA: 0.99206 | Best: 0.5248
2026-01-09 05:45:04,118 | --> Saved New Best Acc: 0.5248
2026-01-09 05:45:13,763 | Epoch 016 | Loss: 1.4448 | Sup: 1.2666 | Uns: 0.0927 | Con: 0.0855 | Mask: 0.19 | EMA: 0.99232 | Best: 0.5248
2026-01-09 05:45:23,436 | Epoch 017 | Loss: 1.4300 | Sup: 1.2626 | Uns: 0.0824 | Con: 0.0850 | Mask: 0.20 | EMA: 0.99259 | Best: 0.5248
2026-01-09 05:45:33,121 | Epoch 018 | Loss: 1.3546 | Sup: 1.2158 | Uns: 0.0571 | Con: 0.0817 | Mask: 0.16 | EMA: 0.99287 | Best: 0.5424
2026-01-09 05:45:33,165 | --> Saved New Best Acc: 0.5424
2026-01-09 05:45:42,829 | Epoch 019 | Loss: 1.3704 | Sup: 1.2144 | Uns: 0.0743 | Con: 0.0817 | Mask: 0.18 | EMA: 0.99316 | Best: 0.5424
2026-01-09 05:45:52,493 | Epoch 020 | Loss: 1.3406 | Sup: 1.1879 | Uns: 0.0731 | Con: 0.0796 | Mask: 0.19 | EMA: 0.99345 | Best: 0.5424
2026-01-09 05:46:02,158 | Epoch 021 | Loss: 1.3517 | Sup: 1.1920 | Uns: 0.0780 | Con: 0.0817 | Mask: 0.18 | EMA: 0.99376 | Best: 0.5424
2026-01-09 05:46:11,811 | Epoch 022 | Loss: 1.3188 | Sup: 1.1603 | Uns: 0.0791 | Con: 0.0794 | Mask: 0.21 | EMA: 0.99406 | Best: 0.5424
2026-01-09 05:46:21,488 | Epoch 023 | Loss: 1.3738 | Sup: 1.1949 | Uns: 0.0970 | Con: 0.0819 | Mask: 0.23 | EMA: 0.99437 | Best: 0.5424
2026-01-09 05:46:31,250 | Epoch 024 | Loss: 1.2999 | Sup: 1.1449 | Uns: 0.0755 | Con: 0.0795 | Mask: 0.21 | EMA: 0.99469 | Best: 0.5631
2026-01-09 05:46:31,296 | --> Saved New Best Acc: 0.5631
2026-01-09 05:46:40,969 | Epoch 025 | Loss: 1.2913 | Sup: 1.1164 | Uns: 0.0969 | Con: 0.0780 | Mask: 0.25 | EMA: 0.99500 | Best: 0.5631
2026-01-09 05:47:54,292 | Dataset: stl10
2026-01-09 05:48:04,979 | Resumed from epoch 26, Best Acc: 0.563125
2026-01-09 05:48:04,979 | Start Training...
2026-01-09 05:48:15,071 | Epoch 026 | Loss: 1.3218 | Sup: 1.1293 | Uns: 0.1135 | Con: 0.0790 | Mask: 0.26 | EMA: 0.99531 | Best: 0.5631
2026-01-09 05:48:24,864 | Epoch 027 | Loss: 1.2932 | Sup: 1.1148 | Uns: 0.1001 | Con: 0.0784 | Mask: 0.26 | EMA: 0.99563 | Best: 0.5631
2026-01-09 05:48:34,571 | Epoch 028 | Loss: 1.5493 | Sup: 1.1998 | Uns: 0.2521 | Con: 0.0974 | Mask: 0.44 | EMA: 0.99594 | Best: 0.5631
2026-01-09 05:48:44,292 | Epoch 029 | Loss: 1.2757 | Sup: 1.1011 | Uns: 0.0962 | Con: 0.0784 | Mask: 0.26 | EMA: 0.99624 | Best: 0.5631
2026-01-09 05:48:54,016 | Epoch 030 | Loss: 1.2738 | Sup: 1.0865 | Uns: 0.1093 | Con: 0.0780 | Mask: 0.29 | EMA: 0.99655 | Best: 0.5631
2026-01-09 05:49:03,772 | Epoch 031 | Loss: 1.2596 | Sup: 1.0698 | Uns: 0.1130 | Con: 0.0768 | Mask: 0.30 | EMA: 0.99684 | Best: 0.5631
2026-01-09 05:49:13,497 | Epoch 032 | Loss: 1.2430 | Sup: 1.0564 | Uns: 0.1110 | Con: 0.0756 | Mask: 0.31 | EMA: 0.99713 | Best: 0.5631
2026-01-09 05:49:23,240 | Epoch 033 | Loss: 1.2411 | Sup: 1.0430 | Uns: 0.1221 | Con: 0.0759 | Mask: 0.31 | EMA: 0.99741 | Best: 0.5676
2026-01-09 05:49:23,285 | --> Saved New Best Acc: 0.5676
2026-01-09 05:49:33,113 | Epoch 034 | Loss: 1.1849 | Sup: 1.0251 | Uns: 0.0860 | Con: 0.0738 | Mask: 0.30 | EMA: 0.99768 | Best: 0.5676
2026-01-09 05:49:42,849 | Epoch 035 | Loss: 1.2187 | Sup: 1.0363 | Uns: 0.1074 | Con: 0.0750 | Mask: 0.30 | EMA: 0.99794 | Best: 0.5676
2026-01-09 05:49:52,589 | Epoch 036 | Loss: 1.2139 | Sup: 1.0209 | Uns: 0.1184 | Con: 0.0747 | Mask: 0.34 | EMA: 0.99819 | Best: 0.5676
2026-01-09 05:50:02,299 | Epoch 037 | Loss: 1.3264 | Sup: 1.0553 | Uns: 0.1893 | Con: 0.0818 | Mask: 0.35 | EMA: 0.99842 | Best: 0.5676
2026-01-09 05:50:12,010 | Epoch 038 | Loss: 1.8730 | Sup: 1.2977 | Uns: 0.4528 | Con: 0.1226 | Mask: 0.54 | EMA: 0.99864 | Best: 0.5676
2026-01-09 05:50:21,727 | Epoch 039 | Loss: 1.4521 | Sup: 1.1215 | Uns: 0.2357 | Con: 0.0948 | Mask: 0.41 | EMA: 0.99885 | Best: 0.5676
2026-01-09 05:50:47,294 | Dataset: stl10
2026-01-09 05:50:58,008 | Resumed from epoch 40, Best Acc: 0.567625
2026-01-09 05:50:58,008 | Start Training...
2026-01-09 05:51:08,053 | Epoch 040 | Loss: 1.4163 | Sup: 1.1033 | Uns: 0.2204 | Con: 0.0925 | Mask: 0.42 | EMA: 0.99905 | Best: 0.5676
2026-01-09 05:51:17,863 | Epoch 041 | Loss: 1.3836 | Sup: 1.0881 | Uns: 0.2054 | Con: 0.0901 | Mask: 0.41 | EMA: 0.99922 | Best: 0.5676
2026-01-09 05:51:27,704 | Epoch 042 | Loss: 1.3568 | Sup: 1.0754 | Uns: 0.1935 | Con: 0.0879 | Mask: 0.40 | EMA: 0.99938 | Best: 0.5676
2026-01-09 05:51:37,563 | Epoch 043 | Loss: 1.3364 | Sup: 1.0571 | Uns: 0.1919 | Con: 0.0874 | Mask: 0.40 | EMA: 0.99952 | Best: 0.5676
2026-01-09 05:51:47,366 | Epoch 044 | Loss: 1.4085 | Sup: 1.0679 | Uns: 0.2487 | Con: 0.0919 | Mask: 0.43 | EMA: 0.99965 | Best: 0.5676
2026-01-09 05:51:47,366 | ==============================
2026-01-09 05:51:47,366 | Detailed Report @ Epoch 44
2026-01-09 05:51:47,366 | ==============================
2026-01-09 05:51:49,604 | 
[Student Model Report]
              precision    recall  f1-score   support

    airplane     0.6872    0.6700    0.6785       800
        bird     0.5487    0.4575    0.4990       800
         car     0.8416    0.6175    0.7123       800
         cat     0.7299    0.1588    0.2608       800
        deer     0.5190    0.3588    0.4242       800
         dog     0.5188    0.2762    0.3605       800
       horse     0.5865    0.6188    0.6022       800
      monkey     0.4273    0.6175    0.5051       800
        ship     0.3641    0.8825    0.5155       800
       truck     0.6098    0.6663    0.6368       800

    accuracy                         0.5324      8000
   macro avg     0.5833    0.5324    0.5195      8000
weighted avg     0.5833    0.5324    0.5195      8000

2026-01-09 05:51:51,881 | 
[Teacher Model Report]
              precision    recall  f1-score   support

    airplane     0.5075    0.5513    0.5285       800
        bird     0.5918    0.2175    0.3181       800
         car     0.7404    0.5062    0.6013       800
         cat     0.7778    0.0262    0.0508       800
        deer     0.6629    0.0737    0.1327       800
         dog     0.4353    0.1263    0.1957       800
       horse     0.5403    0.4275    0.4773       800
      monkey     0.4537    0.3488    0.3943       800
        ship     0.2053    0.9425    0.3372       800
       truck     0.4726    0.6038    0.5302       800

    accuracy                         0.3824      8000
   macro avg     0.5388    0.3824    0.3566      8000
weighted avg     0.5388    0.3824    0.3566      8000

2026-01-09 05:51:51,881 | ==============================
2026-01-09 05:52:01,645 | Epoch 045 | Loss: 1.4892 | Sup: 1.1106 | Uns: 0.2786 | Con: 0.1000 | Mask: 0.48 | EMA: 0.99976 | Best: 0.5676
2026-01-09 05:52:11,506 | Epoch 046 | Loss: 1.5299 | Sup: 1.1313 | Uns: 0.2958 | Con: 0.1027 | Mask: 0.51 | EMA: 0.99984 | Best: 0.5676
2026-01-09 05:52:21,316 | Epoch 047 | Loss: 1.5468 | Sup: 1.1350 | Uns: 0.3072 | Con: 0.1047 | Mask: 0.50 | EMA: 0.99991 | Best: 0.5676
2026-01-09 05:52:31,185 | Epoch 048 | Loss: 1.5215 | Sup: 1.1454 | Uns: 0.2732 | Con: 0.1028 | Mask: 0.50 | EMA: 0.99996 | Best: 0.5676
2026-01-09 05:52:41,010 | Epoch 049 | Loss: 1.4662 | Sup: 1.1112 | Uns: 0.2567 | Con: 0.0983 | Mask: 0.49 | EMA: 0.99999 | Best: 0.5676
2026-01-09 05:52:41,011 | ==============================
2026-01-09 05:52:41,011 | Detailed Report @ Epoch 49
2026-01-09 05:52:41,011 | ==============================
2026-01-09 05:52:43,245 | 
[Student Model Report]
              precision    recall  f1-score   support

    airplane     0.6605    0.6713    0.6658       800
        bird     0.6462    0.3675    0.4685       800
         car     0.8480    0.6625    0.7439       800
         cat     0.7048    0.0925    0.1635       800
        deer     0.5949    0.2625    0.3643       800
         dog     0.4627    0.3337    0.3878       800
       horse     0.5668    0.6525    0.6066       800
      monkey     0.4467    0.5663    0.4994       800
        ship     0.3036    0.9062    0.4548       800
       truck     0.6676    0.6250    0.6456       800

    accuracy                         0.5140      8000
   macro avg     0.5902    0.5140    0.5000      8000
weighted avg     0.5902    0.5140    0.5000      8000

2026-01-09 05:52:45,519 | 
[Teacher Model Report]
              precision    recall  f1-score   support

    airplane     0.4938    0.5437    0.5175       800
        bird     0.6192    0.2013    0.3038       800
         car     0.7933    0.4125    0.5428       800
         cat     0.6923    0.0225    0.0436       800
        deer     0.6706    0.0712    0.1288       800
         dog     0.4366    0.1163    0.1836       800
       horse     0.5088    0.4325    0.4676       800
      monkey     0.4841    0.2863    0.3598       800
        ship     0.1916    0.9487    0.3188       800
       truck     0.4677    0.5875    0.5208       800

    accuracy                         0.3623      8000
   macro avg     0.5358    0.3622    0.3387      8000
weighted avg     0.5358    0.3623    0.3387      8000

2026-01-09 05:52:45,519 | ==============================
2026-01-09 05:52:45,545 | Training Finished.
