Dataset=stl10 | loss_type=contrastive_2006
Labeled=5000, Unlabeled=100000
[START] training from scratch
[BEST] Epoch 0 | Acc 0.7590
Epoch 0 | Loss 0.9335 | CE 0.9060 | Contra 0.0275 | Acc 0.7590
[BEST] Epoch 1 | Acc 0.8075
Epoch 1 | Loss 0.6083 | CE 0.5840 | Contra 0.0242 | Acc 0.8075
Epoch 2 | Loss 0.4740 | CE 0.4516 | Contra 0.0224 | Acc 0.8071
Epoch 3 | Loss 0.4402 | CE 0.4185 | Contra 0.0217 | Acc 0.7292
[BEST] Epoch 4 | Acc 0.8280
Epoch 4 | Loss 0.4026 | CE 0.3815 | Contra 0.0211 | Acc 0.8280
Epoch 5 | Loss 0.3917 | CE 0.3705 | Contra 0.0211 | Acc 0.8236
Epoch 6 | Loss 0.3656 | CE 0.3449 | Contra 0.0207 | Acc 0.7830
Epoch 7 | Loss 0.3450 | CE 0.3249 | Contra 0.0201 | Acc 0.7976
Epoch 8 | Loss 0.3015 | CE 0.2816 | Contra 0.0199 | Acc 0.7993
[BEST] Epoch 9 | Acc 0.8529
Epoch 9 | Loss 0.3181 | CE 0.2984 | Contra 0.0196 | Acc 0.8529
Epoch 10 | Loss 0.3015 | CE 0.2825 | Contra 0.0191 | Acc 0.7526
Epoch 11 | Loss 0.2551 | CE 0.2363 | Contra 0.0188 | Acc 0.8230
Epoch 12 | Loss 0.2456 | CE 0.2275 | Contra 0.0181 | Acc 0.7960
Epoch 13 | Loss 0.2620 | CE 0.2435 | Contra 0.0185 | Acc 0.8273
Dataset=stl10 | loss_type=contrastive_2006
Labeled=5000, Unlabeled=100000
[RESUME] epoch=14, best_acc=0.8529
Epoch 14 | Loss 0.2553 | CE 0.2371 | Contra 0.0182 | Acc 0.8313
Dataset=stl10 | loss_type=contrastive_2006
Labeled=5000, Unlabeled=100000
[RESUME] epoch=15, best_acc=0.8529
Epoch 15 | Loss 0.2601 | CE 0.2416 | Contra 0.0185 | Acc 0.8076
Epoch 16 | Loss 0.2535 | CE 0.2351 | Contra 0.0184 | Acc 0.7771
Epoch 17 | Loss 0.2473 | CE 0.2292 | Contra 0.0181 | Acc 0.8490
Epoch 18 | Loss 0.2401 | CE 0.2226 | Contra 0.0175 | Acc 0.8080
Epoch 19 | Loss 0.2308 | CE 0.2133 | Contra 0.0176 | Acc 0.7933
Epoch 20 | Loss 0.2047 | CE 0.1877 | Contra 0.0170 | Acc 0.8240
Epoch 21 | Loss 0.2332 | CE 0.2157 | Contra 0.0174 | Acc 0.7943
Epoch 22 | Loss 0.2393 | CE 0.2223 | Contra 0.0170 | Acc 0.7876
Epoch 23 | Loss 0.2168 | CE 0.2004 | Contra 0.0165 | Acc 0.8269
Epoch 24 | Loss 0.2132 | CE 0.1972 | Contra 0.0160 | Acc 0.8353
Epoch 25 | Loss 0.1966 | CE 0.1811 | Contra 0.0155 | Acc 0.8273
Epoch 26 | Loss 0.2035 | CE 0.1877 | Contra 0.0158 | Acc 0.8330
Epoch 27 | Loss 0.1754 | CE 0.1603 | Contra 0.0151 | Acc 0.8524
Epoch 28 | Loss 0.1956 | CE 0.1806 | Contra 0.0151 | Acc 0.8130
Dataset=stl10 | loss_type=contrastive_2006
Labeled=5000, Unlabeled=100000
[RESUME] epoch=29, best_acc=0.8529
Epoch 29 | Loss 0.1801 | CE 0.1657 | Contra 0.0144 | Acc 0.8404
[EARLY STOP] No improvement for 20 epochs
Dataset=stl10 | loss_type=contrastive_2006
Labeled=5000, Unlabeled=100000
[RESUME] epoch=30, best_acc=0.8529
Epoch 30 | Loss 0.1735 | CE 0.1600 | Contra 0.0135 | Acc 0.8300
[EARLY STOP] No improvement for 21 epochs
Dataset=stl10 | loss_type=contrastive_2006
Labeled=5000, Unlabeled=100000
[RESUME] epoch=31, best_acc=0.8529
Epoch 31 | Loss 0.1594 | CE 0.1463 | Contra 0.0131 | Acc 0.8366
[EARLY STOP] No improvement for 22 epochs
Dataset=stl10 | loss_type=contrastive_2006
Labeled=5000, Unlabeled=100000
[RESUME] epoch=32, best_acc=0.8529
Epoch 32 | Loss 0.1770 | CE 0.1638 | Contra 0.0132 | Acc 0.8306
[EARLY STOP] No improvement for 23 epochs
Dataset=stl10 | loss_type=contrastive_2006
Labeled=5000, Unlabeled=100000
[RESUME] epoch=33, best_acc=0.8529
Epoch 33 | Loss 0.1762 | CE 0.1633 | Contra 0.0129 | Acc 0.8226
[EARLY STOP] No improvement for 24 epochs
Dataset=stl10 | loss_type=contrastive_2006
Labeled=5000, Unlabeled=100000
[RESUME] epoch=34, best_acc=0.8529
Epoch 34 | Loss 0.1600 | CE 0.1474 | Contra 0.0127 | Acc 0.8240
[EARLY STOP] No improvement for 25 epochs
