Dataset=stl10 | loss_type=info_nce
Labeled=5000, Unlabeled=100000
[START] training from scratch
[BEST] Epoch 0 | Acc 0.7106
Epoch 0 | Loss 1.2040 | CE 0.9772 | Contra 0.2268 | Acc 0.7106
[BEST] Epoch 1 | Acc 0.8003
Epoch 1 | Loss 0.6925 | CE 0.6064 | Contra 0.0861 | Acc 0.8003
Epoch 2 | Loss 0.5198 | CE 0.4586 | Contra 0.0611 | Acc 0.7710
Epoch 3 | Loss 0.4419 | CE 0.3902 | Contra 0.0517 | Acc 0.7739
Epoch 4 | Loss 0.4180 | CE 0.3695 | Contra 0.0484 | Acc 0.7779
[BEST] Epoch 5 | Acc 0.8153
Epoch 5 | Loss 0.4218 | CE 0.3746 | Contra 0.0472 | Acc 0.8153
Epoch 6 | Loss 0.3581 | CE 0.3132 | Contra 0.0449 | Acc 0.7521
Epoch 7 | Loss 0.3577 | CE 0.3130 | Contra 0.0447 | Acc 0.8141
Epoch 8 | Loss 0.3452 | CE 0.3011 | Contra 0.0441 | Acc 0.7934
[BEST] Epoch 9 | Acc 0.8194
Epoch 9 | Loss 0.3093 | CE 0.2661 | Contra 0.0433 | Acc 0.8194
Epoch 10 | Loss 0.3032 | CE 0.2611 | Contra 0.0421 | Acc 0.8173
Epoch 11 | Loss 0.3089 | CE 0.2671 | Contra 0.0418 | Acc 0.7769
Epoch 12 | Loss 0.3026 | CE 0.2606 | Contra 0.0420 | Acc 0.7241
Dataset=stl10 | loss_type=info_nce
Labeled=5000, Unlabeled=100000
[RESUME] epoch=13, best_acc=0.8194
[BEST] Epoch 13 | Acc 0.8306
Epoch 13 | Loss 0.2932 | CE 0.2520 | Contra 0.0412 | Acc 0.8306
Epoch 14 | Loss 0.2922 | CE 0.2509 | Contra 0.0413 | Acc 0.8285
Epoch 15 | Loss 0.2835 | CE 0.2423 | Contra 0.0413 | Acc 0.8217
Epoch 16 | Loss 0.2564 | CE 0.2154 | Contra 0.0410 | Acc 0.8073
[BEST] Epoch 17 | Acc 0.8310
Epoch 17 | Loss 0.2723 | CE 0.2315 | Contra 0.0408 | Acc 0.8310
Epoch 18 | Loss 0.2286 | CE 0.1885 | Contra 0.0401 | Acc 0.8185
Epoch 19 | Loss 0.2271 | CE 0.1869 | Contra 0.0402 | Acc 0.7999
Epoch 20 | Loss 0.2619 | CE 0.2219 | Contra 0.0400 | Acc 0.8295
[BEST] Epoch 21 | Acc 0.8361
Epoch 21 | Loss 0.2325 | CE 0.1919 | Contra 0.0406 | Acc 0.8361
[BEST] Epoch 22 | Acc 0.8373
Epoch 22 | Loss 0.2148 | CE 0.1745 | Contra 0.0403 | Acc 0.8373
Epoch 23 | Loss 0.2283 | CE 0.1884 | Contra 0.0399 | Acc 0.7869
Epoch 24 | Loss 0.2070 | CE 0.1673 | Contra 0.0397 | Acc 0.8349
Epoch 25 | Loss 0.2170 | CE 0.1772 | Contra 0.0398 | Acc 0.8265
Dataset=stl10 | loss_type=info_nce
Labeled=5000, Unlabeled=100000
[RESUME] epoch=26, best_acc=0.8373
[BEST] Epoch 26 | Acc 0.8429
Epoch 26 | Loss 0.2139 | CE 0.1741 | Contra 0.0398 | Acc 0.8429
Epoch 27 | Loss 0.1989 | CE 0.1595 | Contra 0.0394 | Acc 0.8373
Epoch 28 | Loss 0.1949 | CE 0.1553 | Contra 0.0396 | Acc 0.8105
Epoch 29 | Loss 0.2107 | CE 0.1715 | Contra 0.0392 | Acc 0.8055
Epoch 30 | Loss 0.2216 | CE 0.1820 | Contra 0.0395 | Acc 0.8159
Epoch 31 | Loss 0.1888 | CE 0.1498 | Contra 0.0390 | Acc 0.8310
Epoch 32 | Loss 0.1985 | CE 0.1594 | Contra 0.0391 | Acc 0.8126
Epoch 33 | Loss 0.1908 | CE 0.1521 | Contra 0.0387 | Acc 0.8247
Epoch 34 | Loss 0.2118 | CE 0.1726 | Contra 0.0391 | Acc 0.8423
Epoch 35 | Loss 0.2039 | CE 0.1644 | Contra 0.0395 | Acc 0.8295
Epoch 36 | Loss 0.2018 | CE 0.1620 | Contra 0.0397 | Acc 0.8266
Epoch 37 | Loss 0.1885 | CE 0.1494 | Contra 0.0391 | Acc 0.8344
Epoch 38 | Loss 0.1859 | CE 0.1479 | Contra 0.0380 | Acc 0.8345
Epoch 39 | Loss 0.1733 | CE 0.1353 | Contra 0.0379 | Acc 0.8263
Epoch 40 | Loss 0.1895 | CE 0.1513 | Contra 0.0383 | Acc 0.8376
