2026-01-09 05:52:48,324 | Dataset: stl10
2026-01-09 05:52:58,950 | Start Training...
2026-01-09 05:53:07,558 | Epoch 000 | Loss: 1.9420 | Sup: 1.9420 | Uns: 0.0000 | Con: 0.0000 | Mask: 0.00 | EMA: 0.99000 | Best: 0.3068
2026-01-09 05:53:07,577 | --> Saved New Best Acc: 0.3068
2026-01-09 05:53:15,942 | Epoch 001 | Loss: 1.7354 | Sup: 1.7354 | Uns: 0.0000 | Con: 0.0000 | Mask: 0.00 | EMA: 0.99001 | Best: 0.3443
2026-01-09 05:53:15,990 | --> Saved New Best Acc: 0.3443
2026-01-09 05:53:24,498 | Epoch 002 | Loss: 1.6616 | Sup: 1.6523 | Uns: 0.0002 | Con: 0.0091 | Mask: 0.00 | EMA: 0.99004 | Best: 0.3560
2026-01-09 05:53:24,555 | --> Saved New Best Acc: 0.3560
2026-01-09 05:53:32,929 | Epoch 003 | Loss: 1.6045 | Sup: 1.6045 | Uns: 0.0000 | Con: 0.0000 | Mask: 0.00 | EMA: 0.99009 | Best: 0.3653
2026-01-09 05:53:32,979 | --> Saved New Best Acc: 0.3653
2026-01-09 05:53:42,483 | Epoch 004 | Loss: 1.6414 | Sup: 1.5502 | Uns: 0.0035 | Con: 0.0877 | Mask: 0.01 | EMA: 0.99016 | Best: 0.4258
2026-01-09 05:53:42,484 | ==============================
2026-01-09 05:53:42,484 | Detailed Report @ Epoch 4
2026-01-09 05:53:42,484 | ==============================
2026-01-09 05:53:44,732 | 
[Student Model Report]
              precision    recall  f1-score   support

    airplane     0.6319    0.6138    0.6227       800
        bird     0.2433    0.7312    0.3652       800
         car     0.7072    0.5312    0.6067       800
         cat     0.4206    0.0563    0.0992       800
        deer     0.4248    0.3250    0.3683       800
         dog     0.5333    0.0400    0.0744       800
       horse     0.4163    0.4975    0.4533       800
      monkey     0.4162    0.0963    0.1563       800
        ship     0.5675    0.6462    0.6043       800
       truck     0.4153    0.7200    0.5267       800

    accuracy                         0.4258      8000
   macro avg     0.4776    0.4258    0.3877      8000
weighted avg     0.4776    0.4258    0.3877      8000

2026-01-09 05:53:46,974 | 
[Teacher Model Report]
              precision    recall  f1-score   support

    airplane     0.6732    0.4738    0.5561       800
        bird     0.1652    0.5962    0.2587       800
         car     0.7167    0.3700    0.4880       800
         cat     1.0000    0.0037    0.0075       800
        deer     0.2161    0.8175    0.3418       800
         dog     0.5000    0.0013    0.0025       800
       horse     0.4483    0.0163    0.0314       800
      monkey     0.3509    0.0250    0.0467       800
        ship     0.5299    0.5425    0.5361       800
       truck     0.7150    0.1787    0.2860       800

    accuracy                         0.3025      8000
   macro avg     0.5315    0.3025    0.2555      8000
weighted avg     0.5315    0.3025    0.2555      8000

2026-01-09 05:53:46,974 | ==============================
2026-01-09 05:53:47,021 | --> Saved New Best Acc: 0.4258
2026-01-09 05:53:55,675 | Epoch 005 | Loss: 1.4965 | Sup: 1.4824 | Uns: 0.0003 | Con: 0.0138 | Mask: 0.00 | EMA: 0.99024 | Best: 0.4258
2026-01-09 05:54:05,827 | Epoch 006 | Loss: 1.5599 | Sup: 1.4562 | Uns: 0.0029 | Con: 0.1008 | Mask: 0.01 | EMA: 0.99035 | Best: 0.4417
2026-01-09 05:54:05,876 | --> Saved New Best Acc: 0.4417
2026-01-09 05:54:18,270 | Epoch 007 | Loss: 1.6762 | Sup: 1.4405 | Uns: 0.0300 | Con: 0.2057 | Mask: 0.05 | EMA: 0.99048 | Best: 0.4417
2026-01-09 05:54:30,806 | Epoch 008 | Loss: 1.6586 | Sup: 1.4312 | Uns: 0.0132 | Con: 0.2142 | Mask: 0.03 | EMA: 0.99062 | Best: 0.4417
2026-01-09 05:54:44,215 | Epoch 009 | Loss: 1.6870 | Sup: 1.4049 | Uns: 0.0317 | Con: 0.2505 | Mask: 0.05 | EMA: 0.99078 | Best: 0.4540
2026-01-09 05:54:44,215 | ==============================
2026-01-09 05:54:44,215 | Detailed Report @ Epoch 9
2026-01-09 05:54:44,215 | ==============================
2026-01-09 05:54:46,449 | 
[Student Model Report]
              precision    recall  f1-score   support

    airplane     0.6214    0.4800    0.5416       800
        bird     0.5316    0.3050    0.3876       800
         car     0.5749    0.3837    0.4603       800
         cat     0.4413    0.0988    0.1614       800
        deer     0.2786    0.7388    0.4047       800
         dog     0.4136    0.0838    0.1393       800
       horse     0.4350    0.4350    0.4350       800
      monkey     0.5661    0.2675    0.3633       800
        ship     0.5302    0.5700    0.5494       800
       truck     0.3467    0.8187    0.4872       800

    accuracy                         0.4181      8000
   macro avg     0.4740    0.4181    0.3930      8000
weighted avg     0.4740    0.4181    0.3930      8000

2026-01-09 05:54:48,682 | 
[Teacher Model Report]
              precision    recall  f1-score   support

    airplane     0.7835    0.5337    0.6349       800
        bird     0.4185    0.4750    0.4450       800
         car     0.6643    0.6950    0.6793       800
         cat     0.6048    0.0938    0.1623       800
        deer     0.2340    0.8413    0.3662       800
         dog     0.5294    0.0675    0.1197       800
       horse     0.5801    0.2988    0.3944       800
      monkey     0.4968    0.2913    0.3672       800
        ship     0.7244    0.5487    0.6245       800
       truck     0.4960    0.6950    0.5789       800

    accuracy                         0.4540      8000
   macro avg     0.5532    0.4540    0.4372      8000
weighted avg     0.5532    0.4540    0.4372      8000

2026-01-09 05:54:48,682 | ==============================
2026-01-09 05:54:48,729 | --> Saved New Best Acc: 0.4540
2026-01-09 05:55:02,214 | Epoch 010 | Loss: 1.6654 | Sup: 1.3780 | Uns: 0.0322 | Con: 0.2551 | Mask: 0.07 | EMA: 0.99095 | Best: 0.4684
2026-01-09 05:55:02,246 | --> Saved New Best Acc: 0.4684
2026-01-09 05:55:16,033 | Epoch 011 | Loss: 1.6074 | Sup: 1.3393 | Uns: 0.0406 | Con: 0.2275 | Mask: 0.09 | EMA: 0.99115 | Best: 0.4684
2026-01-09 05:55:29,657 | Epoch 012 | Loss: 1.6172 | Sup: 1.3483 | Uns: 0.0300 | Con: 0.2389 | Mask: 0.07 | EMA: 0.99136 | Best: 0.4684
2026-01-09 05:55:43,636 | Epoch 013 | Loss: 1.5701 | Sup: 1.3028 | Uns: 0.0431 | Con: 0.2241 | Mask: 0.10 | EMA: 0.99158 | Best: 0.4684
2026-01-09 05:55:57,560 | Epoch 014 | Loss: 1.5833 | Sup: 1.3068 | Uns: 0.0384 | Con: 0.2381 | Mask: 0.09 | EMA: 0.99181 | Best: 0.4684
2026-01-09 05:55:57,561 | ==============================
2026-01-09 05:55:57,561 | Detailed Report @ Epoch 14
2026-01-09 05:55:57,561 | ==============================
2026-01-09 05:55:59,800 | 
[Student Model Report]
              precision    recall  f1-score   support

    airplane     0.7014    0.5725    0.6304       800
        bird     0.4065    0.6062    0.4867       800
         car     0.6905    0.5550    0.6154       800
         cat     0.5838    0.1263    0.2076       800
        deer     0.4404    0.4800    0.4593       800
         dog     0.4332    0.1500    0.2228       800
       horse     0.2570    0.8638    0.3961       800
      monkey     0.4686    0.3075    0.3713       800
        ship     0.7198    0.6100    0.6604       800
       truck     0.7239    0.2687    0.3920       800

    accuracy                         0.4540      8000
   macro avg     0.5425    0.4540    0.4442      8000
weighted avg     0.5425    0.4540    0.4442      8000

2026-01-09 05:56:02,043 | 
[Teacher Model Report]
              precision    recall  f1-score   support

    airplane     0.7607    0.4650    0.5772       800
        bird     0.2983    0.7562    0.4279       800
         car     0.7279    0.6987    0.7130       800
         cat     0.4905    0.1613    0.2427       800
        deer     0.3559    0.5837    0.4422       800
         dog     0.6429    0.0112    0.0221       800
       horse     0.5495    0.3538    0.4304       800
      monkey     0.4392    0.4425    0.4408       800
        ship     0.4620    0.9113    0.6131       800
       truck     0.7930    0.2250    0.3505       800

    accuracy                         0.4609      8000
   macro avg     0.5520    0.4609    0.4260      8000
weighted avg     0.5520    0.4609    0.4260      8000

2026-01-09 05:56:02,043 | ==============================
2026-01-09 05:56:16,038 | Epoch 015 | Loss: 1.5283 | Sup: 1.2677 | Uns: 0.0446 | Con: 0.2159 | Mask: 0.12 | EMA: 0.99206 | Best: 0.4684
2026-01-09 05:56:29,940 | Epoch 016 | Loss: 1.5351 | Sup: 1.2560 | Uns: 0.0609 | Con: 0.2182 | Mask: 0.16 | EMA: 0.99232 | Best: 0.4995
2026-01-09 05:56:29,980 | --> Saved New Best Acc: 0.4995
2026-01-09 05:56:43,788 | Epoch 017 | Loss: 1.5015 | Sup: 1.2512 | Uns: 0.0530 | Con: 0.1973 | Mask: 0.16 | EMA: 0.99259 | Best: 0.5156
2026-01-09 05:56:43,843 | --> Saved New Best Acc: 0.5156
2026-01-09 05:56:58,032 | Epoch 018 | Loss: 1.5192 | Sup: 1.2345 | Uns: 0.0820 | Con: 0.2027 | Mask: 0.17 | EMA: 0.99287 | Best: 0.5156
2026-01-09 05:57:12,138 | Epoch 019 | Loss: 1.4899 | Sup: 1.2148 | Uns: 0.0748 | Con: 0.2004 | Mask: 0.19 | EMA: 0.99316 | Best: 0.5166
2026-01-09 05:57:12,138 | ==============================
2026-01-09 05:57:12,138 | Detailed Report @ Epoch 19
2026-01-09 05:57:12,138 | ==============================
2026-01-09 05:57:14,384 | 
[Student Model Report]
              precision    recall  f1-score   support

    airplane     0.5344    0.6512    0.5870       800
        bird     0.2605    0.5663    0.3568       800
         car     0.3123    0.9525    0.4704       800
         cat     0.6875    0.0275    0.0529       800
        deer     0.5622    0.2712    0.3659       800
         dog     0.8000    0.0050    0.0099       800
       horse     0.4035    0.7113    0.5149       800
      monkey     0.5448    0.1900    0.2817       800
        ship     0.8909    0.0612    0.1146       800
       truck     0.4404    0.3738    0.4043       800

    accuracy                         0.3810      8000
   macro avg     0.5436    0.3810    0.3159      8000
weighted avg     0.5436    0.3810    0.3159      8000

2026-01-09 05:57:16,627 | 
[Teacher Model Report]
              precision    recall  f1-score   support

    airplane     0.6169    0.7588    0.6805       800
        bird     0.3890    0.6288    0.4806       800
         car     0.6642    0.7762    0.7159       800
         cat     0.4372    0.2525    0.3201       800
        deer     0.6264    0.2725    0.3798       800
         dog     0.5200    0.0975    0.1642       800
       horse     0.3646    0.8213    0.5050       800
      monkey     0.5135    0.3563    0.4207       800
        ship     0.7282    0.5525    0.6283       800
       truck     0.6019    0.6500    0.6250       800

    accuracy                         0.5166      8000
   macro avg     0.5462    0.5166    0.4920      8000
weighted avg     0.5462    0.5166    0.4920      8000

2026-01-09 05:57:16,627 | ==============================
2026-01-09 05:57:16,677 | --> Saved New Best Acc: 0.5166
2026-01-09 05:57:30,948 | Epoch 020 | Loss: 1.5104 | Sup: 1.2416 | Uns: 0.0740 | Con: 0.1947 | Mask: 0.19 | EMA: 0.99345 | Best: 0.5166
2026-01-09 05:57:45,149 | Epoch 021 | Loss: 1.4350 | Sup: 1.1741 | Uns: 0.0833 | Con: 0.1777 | Mask: 0.20 | EMA: 0.99376 | Best: 0.5166
2026-01-09 05:57:59,407 | Epoch 022 | Loss: 1.4600 | Sup: 1.1949 | Uns: 0.0831 | Con: 0.1820 | Mask: 0.22 | EMA: 0.99406 | Best: 0.5166
2026-01-09 05:58:13,697 | Epoch 023 | Loss: 1.4671 | Sup: 1.1936 | Uns: 0.0877 | Con: 0.1859 | Mask: 0.23 | EMA: 0.99437 | Best: 0.5166
2026-01-09 05:58:28,048 | Epoch 024 | Loss: 1.4612 | Sup: 1.1861 | Uns: 0.0995 | Con: 0.1756 | Mask: 0.22 | EMA: 0.99469 | Best: 0.5477
2026-01-09 05:58:28,048 | ==============================
2026-01-09 05:58:28,048 | Detailed Report @ Epoch 24
2026-01-09 05:58:28,048 | ==============================
2026-01-09 05:58:30,284 | 
[Student Model Report]
              precision    recall  f1-score   support

    airplane     0.6651    0.7250    0.6938       800
        bird     0.5776    0.4188    0.4855       800
         car     0.5817    0.8588    0.6936       800
         cat     0.5521    0.2188    0.3133       800
        deer     0.5910    0.2800    0.3800       800
         dog     0.5472    0.1087    0.1814       800
       horse     0.5033    0.6713    0.5753       800
      monkey     0.2912    0.8037    0.4275       800
        ship     0.8126    0.5475    0.6542       800
       truck     0.6519    0.5687    0.6075       800

    accuracy                         0.5201      8000
   macro avg     0.5774    0.5201    0.5012      8000
weighted avg     0.5774    0.5201    0.5012      8000

2026-01-09 05:58:32,518 | 
[Teacher Model Report]
              precision    recall  f1-score   support

    airplane     0.7596    0.5175    0.6156       800
        bird     0.5290    0.5138    0.5212       800
         car     0.6573    0.8150    0.7277       800
         cat     0.5805    0.2162    0.3151       800
        deer     0.4587    0.5487    0.4997       800
         dog     0.4984    0.1975    0.2829       800
       horse     0.5205    0.6200    0.5659       800
      monkey     0.3923    0.6350    0.4850       800
        ship     0.5910    0.8075    0.6825       800
       truck     0.6274    0.6062    0.6167       800

    accuracy                         0.5477      8000
   macro avg     0.5615    0.5477    0.5312      8000
weighted avg     0.5615    0.5477    0.5312      8000

2026-01-09 05:58:32,518 | ==============================
2026-01-09 05:58:32,573 | --> Saved New Best Acc: 0.5477
2026-01-09 05:58:46,725 | Epoch 025 | Loss: 1.4284 | Sup: 1.1487 | Uns: 0.1048 | Con: 0.1749 | Mask: 0.25 | EMA: 0.99500 | Best: 0.5477
2026-01-09 05:59:01,009 | Epoch 026 | Loss: 1.4423 | Sup: 1.1566 | Uns: 0.1133 | Con: 0.1725 | Mask: 0.27 | EMA: 0.99531 | Best: 0.5477
2026-01-09 05:59:15,698 | Epoch 027 | Loss: 1.4707 | Sup: 1.1498 | Uns: 0.1518 | Con: 0.1692 | Mask: 0.32 | EMA: 0.99563 | Best: 0.5477
2026-01-09 05:59:29,965 | Epoch 028 | Loss: 1.4040 | Sup: 1.1231 | Uns: 0.1227 | Con: 0.1581 | Mask: 0.30 | EMA: 0.99594 | Best: 0.5500
2026-01-09 05:59:30,007 | --> Saved New Best Acc: 0.5500
2026-01-09 05:59:44,181 | Epoch 029 | Loss: 1.4037 | Sup: 1.1152 | Uns: 0.1031 | Con: 0.1854 | Mask: 0.27 | EMA: 0.99624 | Best: 0.5500
2026-01-09 05:59:44,182 | ==============================
2026-01-09 05:59:44,182 | Detailed Report @ Epoch 29
2026-01-09 05:59:44,182 | ==============================
2026-01-09 05:59:46,423 | 
[Student Model Report]
              precision    recall  f1-score   support

    airplane     0.7280    0.5787    0.6448       800
        bird     0.4579    0.5988    0.5190       800
         car     0.6249    0.8225    0.7102       800
         cat     0.3511    0.5262    0.4212       800
        deer     0.5262    0.3262    0.4028       800
         dog     0.4641    0.2425    0.3186       800
       horse     0.6792    0.4050    0.5074       800
      monkey     0.4900    0.5200    0.5045       800
        ship     0.6050    0.8500    0.7069       800
       truck     0.6538    0.5737    0.6112       800

    accuracy                         0.5444      8000
   macro avg     0.5580    0.5444    0.5347      8000
weighted avg     0.5580    0.5444    0.5347      8000

2026-01-09 05:59:48,641 | 
[Teacher Model Report]
              precision    recall  f1-score   support

    airplane     0.5192    0.7600    0.6169       800
        bird     0.4278    0.5112    0.4658       800
         car     0.6334    0.7625    0.6920       800
         cat     0.6443    0.1562    0.2515       800
        deer     0.5408    0.4225    0.4744       800
         dog     0.4365    0.2362    0.3066       800
       horse     0.4240    0.7150    0.5323       800
      monkey     0.5763    0.3162    0.4084       800
        ship     0.6340    0.7512    0.6876       800
       truck     0.5792    0.6675    0.6202       800

    accuracy                         0.5299      8000
   macro avg     0.5416    0.5299    0.5056      8000
weighted avg     0.5416    0.5299    0.5056      8000

2026-01-09 05:59:48,641 | ==============================
2026-01-09 06:00:02,906 | Epoch 030 | Loss: 1.3671 | Sup: 1.1027 | Uns: 0.0885 | Con: 0.1759 | Mask: 0.26 | EMA: 0.99655 | Best: 0.5500
2026-01-09 06:00:17,458 | Epoch 031 | Loss: 1.3331 | Sup: 1.0774 | Uns: 0.1003 | Con: 0.1553 | Mask: 0.27 | EMA: 0.99684 | Best: 0.5500
2026-01-09 06:00:31,875 | Epoch 032 | Loss: 1.3660 | Sup: 1.0828 | Uns: 0.1156 | Con: 0.1675 | Mask: 0.30 | EMA: 0.99713 | Best: 0.5581
2026-01-09 06:00:31,929 | --> Saved New Best Acc: 0.5581
2026-01-09 06:00:46,501 | Epoch 033 | Loss: 1.3808 | Sup: 1.0885 | Uns: 0.1384 | Con: 0.1540 | Mask: 0.32 | EMA: 0.99741 | Best: 0.5600
2026-01-09 06:00:46,534 | --> Saved New Best Acc: 0.5600
2026-01-09 06:01:00,878 | Epoch 034 | Loss: 1.3638 | Sup: 1.0777 | Uns: 0.1273 | Con: 0.1589 | Mask: 0.32 | EMA: 0.99768 | Best: 0.5737
2026-01-09 06:01:00,878 | ==============================
2026-01-09 06:01:00,878 | Detailed Report @ Epoch 34
2026-01-09 06:01:00,878 | ==============================
2026-01-09 06:01:03,119 | 
[Student Model Report]
              precision    recall  f1-score   support

    airplane     0.7714    0.6750    0.7200       800
        bird     0.4904    0.5425    0.5151       800
         car     0.6972    0.8087    0.7488       800
         cat     0.5339    0.3638    0.4327       800
        deer     0.5376    0.4375    0.4824       800
         dog     0.4420    0.3525    0.3922       800
       horse     0.5566    0.6025    0.5786       800
      monkey     0.3922    0.6550    0.4906       800
        ship     0.6846    0.8413    0.7549       800
       truck     0.7842    0.4587    0.5789       800

    accuracy                         0.5737      8000
   macro avg     0.5890    0.5738    0.5694      8000
weighted avg     0.5890    0.5737    0.5694      8000

2026-01-09 06:01:05,367 | 
[Teacher Model Report]
              precision    recall  f1-score   support

    airplane     0.7845    0.5687    0.6594       800
        bird     0.4276    0.6388    0.5123       800
         car     0.5266    0.8900    0.6617       800
         cat     0.3606    0.5175    0.4251       800
        deer     0.6548    0.2062    0.3137       800
         dog     0.4894    0.2313    0.3141       800
       horse     0.6026    0.5837    0.5930       800
      monkey     0.4391    0.4637    0.4511       800
        ship     0.7614    0.6900    0.7239       800
       truck     0.6453    0.6050    0.6245       800

    accuracy                         0.5395      8000
   macro avg     0.5692    0.5395    0.5279      8000
weighted avg     0.5692    0.5395    0.5279      8000

2026-01-09 06:01:05,367 | ==============================
2026-01-09 06:01:05,412 | --> Saved New Best Acc: 0.5737
2026-01-09 06:01:20,241 | Epoch 035 | Loss: 1.3610 | Sup: 1.0642 | Uns: 0.1539 | Con: 0.1429 | Mask: 0.38 | EMA: 0.99794 | Best: 0.5737
2026-01-09 06:01:35,000 | Epoch 036 | Loss: 1.2988 | Sup: 1.0470 | Uns: 0.1006 | Con: 0.1511 | Mask: 0.32 | EMA: 0.99819 | Best: 0.5761
2026-01-09 06:01:35,051 | --> Saved New Best Acc: 0.5761
2026-01-09 06:01:49,856 | Epoch 037 | Loss: 1.2844 | Sup: 1.0416 | Uns: 0.0982 | Con: 0.1446 | Mask: 0.34 | EMA: 0.99842 | Best: 0.5761
2026-01-09 06:02:04,732 | Epoch 038 | Loss: 1.3058 | Sup: 1.0367 | Uns: 0.1270 | Con: 0.1420 | Mask: 0.36 | EMA: 0.99864 | Best: 0.5761
2026-01-09 06:02:19,515 | Epoch 039 | Loss: 1.3134 | Sup: 1.0341 | Uns: 0.1235 | Con: 0.1558 | Mask: 0.36 | EMA: 0.99885 | Best: 0.5761
2026-01-09 06:02:19,515 | ==============================
2026-01-09 06:02:19,515 | Detailed Report @ Epoch 39
2026-01-09 06:02:19,515 | ==============================
2026-01-09 06:02:21,754 | 
[Student Model Report]
              precision    recall  f1-score   support

    airplane     0.6521    0.7288    0.6883       800
        bird     0.4994    0.4838    0.4914       800
         car     0.5451    0.8988    0.6786       800
         cat     0.5855    0.3038    0.4000       800
        deer     0.6016    0.3850    0.4695       800
         dog     0.4989    0.2825    0.3607       800
       horse     0.6176    0.5450    0.5790       800
      monkey     0.3578    0.7013    0.4738       800
        ship     0.8175    0.6550    0.7273       800
       truck     0.6722    0.6025    0.6355       800

    accuracy                         0.5586      8000
   macro avg     0.5848    0.5586    0.5504      8000
weighted avg     0.5848    0.5586    0.5504      8000

2026-01-09 06:02:23,985 | 
[Teacher Model Report]
              precision    recall  f1-score   support

    airplane     0.7111    0.6737    0.6919       800
        bird     0.5397    0.4838    0.5102       800
         car     0.5855    0.8600    0.6967       800
         cat     0.5534    0.2462    0.3408       800
        deer     0.7537    0.1263    0.2163       800
         dog     0.5646    0.1037    0.1753       800
       horse     0.3718    0.8225    0.5121       800
      monkey     0.3276    0.6887    0.4440       800
        ship     0.8693    0.4738    0.6133       800
       truck     0.6012    0.6200    0.6105       800

    accuracy                         0.5099      8000
   macro avg     0.5878    0.5099    0.4811      8000
weighted avg     0.5878    0.5099    0.4811      8000

2026-01-09 06:02:23,985 | ==============================
2026-01-09 06:02:38,849 | Epoch 040 | Loss: 1.2757 | Sup: 1.0191 | Uns: 0.1189 | Con: 0.1377 | Mask: 0.36 | EMA: 0.99905 | Best: 0.5843
2026-01-09 06:02:38,903 | --> Saved New Best Acc: 0.5843
2026-01-09 06:02:53,688 | Epoch 041 | Loss: 1.3216 | Sup: 1.0183 | Uns: 0.1539 | Con: 0.1494 | Mask: 0.39 | EMA: 0.99922 | Best: 0.5843
2026-01-09 06:03:08,754 | Epoch 042 | Loss: 1.3606 | Sup: 1.0242 | Uns: 0.1766 | Con: 0.1598 | Mask: 0.41 | EMA: 0.99938 | Best: 0.5843
2026-01-09 06:03:23,505 | Epoch 043 | Loss: 1.3450 | Sup: 1.0312 | Uns: 0.1609 | Con: 0.1529 | Mask: 0.41 | EMA: 0.99952 | Best: 0.5843
2026-01-09 06:03:38,601 | Epoch 044 | Loss: 1.4005 | Sup: 1.0473 | Uns: 0.1798 | Con: 0.1734 | Mask: 0.43 | EMA: 0.99965 | Best: 0.5843
2026-01-09 06:03:38,601 | ==============================
2026-01-09 06:03:38,601 | Detailed Report @ Epoch 44
2026-01-09 06:03:38,601 | ==============================
2026-01-09 06:03:40,838 | 
[Student Model Report]
              precision    recall  f1-score   support

    airplane     0.7486    0.6925    0.7195       800
        bird     0.5980    0.4425    0.5086       800
         car     0.6484    0.8137    0.7217       800
         cat     0.6439    0.2712    0.3817       800
        deer     0.6132    0.3962    0.4814       800
         dog     0.4838    0.3175    0.3834       800
       horse     0.4795    0.7750    0.5925       800
      monkey     0.3762    0.6587    0.4789       800
        ship     0.8171    0.7037    0.7562       800
       truck     0.6397    0.7212    0.6780       800

    accuracy                         0.5793      8000
   macro avg     0.6048    0.5793    0.5702      8000
weighted avg     0.6048    0.5793    0.5702      8000

2026-01-09 06:03:43,068 | 
[Teacher Model Report]
              precision    recall  f1-score   support

    airplane     0.6658    0.6125    0.6380       800
        bird     0.4718    0.3975    0.4315       800
         car     0.3549    0.9400    0.5152       800
         cat     0.5000    0.2687    0.3496       800
        deer     0.7706    0.1050    0.1848       800
         dog     0.5079    0.1200    0.1941       800
       horse     0.4410    0.7200    0.5470       800
      monkey     0.3655    0.6150    0.4585       800
        ship     0.8462    0.3162    0.4604       800
       truck     0.5492    0.5437    0.5465       800

    accuracy                         0.4639      8000
   macro avg     0.5473    0.4639    0.4326      8000
weighted avg     0.5473    0.4639    0.4326      8000

2026-01-09 06:03:43,068 | ==============================
2026-01-09 06:03:57,932 | Epoch 045 | Loss: 1.4164 | Sup: 1.0411 | Uns: 0.1935 | Con: 0.1817 | Mask: 0.43 | EMA: 0.99976 | Best: 0.5843
2026-01-09 06:04:12,965 | Epoch 046 | Loss: 1.4003 | Sup: 1.0398 | Uns: 0.1914 | Con: 0.1692 | Mask: 0.45 | EMA: 0.99984 | Best: 0.5843
2026-01-09 06:04:27,879 | Epoch 047 | Loss: 1.4538 | Sup: 1.0426 | Uns: 0.2046 | Con: 0.2066 | Mask: 0.45 | EMA: 0.99991 | Best: 0.5843
2026-01-09 06:04:43,022 | Epoch 048 | Loss: 1.4602 | Sup: 1.0484 | Uns: 0.2132 | Con: 0.1987 | Mask: 0.45 | EMA: 0.99996 | Best: 0.5843
2026-01-09 06:04:58,022 | Epoch 049 | Loss: 1.5103 | Sup: 1.0537 | Uns: 0.2393 | Con: 0.2172 | Mask: 0.47 | EMA: 0.99999 | Best: 0.5843
2026-01-09 06:04:58,022 | ==============================
2026-01-09 06:04:58,022 | Detailed Report @ Epoch 49
2026-01-09 06:04:58,022 | ==============================
2026-01-09 06:05:00,255 | 
[Student Model Report]
              precision    recall  f1-score   support

    airplane     0.7159    0.6963    0.7060       800
        bird     0.5443    0.4763    0.5080       800
         car     0.5141    0.8862    0.6508       800
         cat     0.6246    0.2600    0.3672       800
        deer     0.5992    0.3812    0.4660       800
         dog     0.4864    0.2900    0.3634       800
       horse     0.5071    0.7562    0.6071       800
      monkey     0.3912    0.6425    0.4863       800
        ship     0.8264    0.6425    0.7229       800
       truck     0.6719    0.5837    0.6247       800

    accuracy                         0.5615      8000
   macro avg     0.5881    0.5615    0.5502      8000
weighted avg     0.5881    0.5615    0.5502      8000

2026-01-09 06:05:02,486 | 
[Teacher Model Report]
              precision    recall  f1-score   support

    airplane     0.6881    0.5487    0.6106       800
        bird     0.5061    0.3125    0.3864       800
         car     0.2804    0.9513    0.4331       800
         cat     0.4573    0.2275    0.3038       800
        deer     0.8316    0.0988    0.1765       800
         dog     0.5000    0.1013    0.1684       800
       horse     0.4227    0.7037    0.5281       800
      monkey     0.3713    0.4688    0.4144       800
        ship     0.7912    0.2700    0.4026       800
       truck     0.4853    0.5363    0.5095       800

    accuracy                         0.4219      8000
   macro avg     0.5334    0.4219    0.3933      8000
weighted avg     0.5334    0.4219    0.3933      8000

2026-01-09 06:05:02,486 | ==============================
2026-01-09 06:05:02,512 | Training Finished.
