2026-01-09 06:14:03,924 | Dataset: stl10
2026-01-09 06:14:14,585 | Start Training...
2026-01-09 06:14:23,113 | Epoch 000 | Loss: 1.9351 | Sup: 1.9351 | Uns: 0.0000 | Con: 0.0000 | Mask: 0.00 | EMA: 0.99000 | Best: 0.3114
2026-01-09 06:14:23,132 | --> Saved New Best Acc: 0.3114
2026-01-09 06:14:31,464 | Epoch 001 | Loss: 1.7307 | Sup: 1.7307 | Uns: 0.0000 | Con: 0.0000 | Mask: 0.00 | EMA: 0.99001 | Best: 0.3453
2026-01-09 06:14:31,489 | --> Saved New Best Acc: 0.3453
2026-01-09 06:14:40,313 | Epoch 002 | Loss: 1.4024 | Sup: 1.6660 | Uns: 0.0173 | Con: -0.2809 | Mask: 0.02 | EMA: 0.99004 | Best: 0.3631
2026-01-09 06:14:40,340 | --> Saved New Best Acc: 0.3631
2026-01-09 06:14:49,090 | Epoch 003 | Loss: 1.2154 | Sup: 1.5820 | Uns: 0.0064 | Con: -0.3730 | Mask: 0.01 | EMA: 0.99009 | Best: 0.3631
2026-01-09 06:14:57,610 | Epoch 004 | Loss: 1.4038 | Sup: 1.5109 | Uns: 0.0006 | Con: -0.1077 | Mask: 0.00 | EMA: 0.99016 | Best: 0.4143
2026-01-09 06:14:57,610 | ==============================
2026-01-09 06:14:57,610 | Detailed Report @ Epoch 4
2026-01-09 06:14:57,610 | ==============================
2026-01-09 06:14:59,844 | 
[Student Model Report]
              precision    recall  f1-score   support

    airplane     0.3733    0.9100    0.5295       800
        bird     0.3597    0.4950    0.4166       800
         car     0.8563    0.3575    0.5044       800
         cat     0.3471    0.2412    0.2847       800
        deer     0.4912    0.2775    0.3546       800
         dog     0.3250    0.0163    0.0310       800
       horse     0.2979    0.7775    0.4307       800
      monkey     0.5952    0.0625    0.1131       800
        ship     0.7179    0.3912    0.5065       800
       truck     0.5120    0.6138    0.5583       800

    accuracy                         0.4143      8000
   macro avg     0.4876    0.4143    0.3729      8000
weighted avg     0.4876    0.4143    0.3729      8000

2026-01-09 06:15:02,084 | 
[Teacher Model Report]
              precision    recall  f1-score   support

    airplane     0.9146    0.0938    0.1701       800
        bird     0.4798    0.2975    0.3673       800
         car     0.7938    0.4188    0.5483       800
         cat     0.2247    0.6550    0.3346       800
        deer     0.2868    0.6212    0.3924       800
         dog     0.3438    0.0138    0.0264       800
       horse     0.5493    0.0488    0.0896       800
      monkey     0.5300    0.0663    0.1178       800
        ship     0.3699    0.8900    0.5226       800
       truck     0.4994    0.5038    0.5016       800

    accuracy                         0.3609      8000
   macro avg     0.4992    0.3609    0.3071      8000
weighted avg     0.4992    0.3609    0.3071      8000

2026-01-09 06:15:02,084 | ==============================
2026-01-09 06:15:02,110 | --> Saved New Best Acc: 0.4143
2026-01-09 06:15:11,078 | Epoch 005 | Loss: 0.8881 | Sup: 1.4842 | Uns: 0.0082 | Con: -0.6043 | Mask: 0.02 | EMA: 0.99024 | Best: 0.4540
2026-01-09 06:15:11,105 | --> Saved New Best Acc: 0.4540
2026-01-09 06:15:20,117 | Epoch 006 | Loss: 0.7487 | Sup: 1.4268 | Uns: 0.0041 | Con: -0.6822 | Mask: 0.01 | EMA: 0.99035 | Best: 0.4540
2026-01-09 06:15:29,568 | Epoch 007 | Loss: 0.2600 | Sup: 1.4057 | Uns: 0.0103 | Con: -1.1561 | Mask: 0.03 | EMA: 0.99048 | Best: 0.4540
2026-01-09 06:15:39,251 | Epoch 008 | Loss: -0.0790 | Sup: 1.3919 | Uns: 0.0150 | Con: -1.4859 | Mask: 0.04 | EMA: 0.99062 | Best: 0.4565
2026-01-09 06:15:39,278 | --> Saved New Best Acc: 0.4565
2026-01-09 06:15:49,014 | Epoch 009 | Loss: -0.1230 | Sup: 1.3844 | Uns: 0.0897 | Con: -1.5971 | Mask: 0.13 | EMA: 0.99078 | Best: 0.4684
2026-01-09 06:15:49,014 | ==============================
2026-01-09 06:15:49,014 | Detailed Report @ Epoch 9
2026-01-09 06:15:49,014 | ==============================
2026-01-09 06:15:51,266 | 
[Student Model Report]
              precision    recall  f1-score   support

    airplane     0.4470    0.7013    0.5460       800
        bird     0.2813    0.5637    0.3754       800
         car     0.2925    0.9463    0.4469       800
         cat     0.3402    0.1025    0.1575       800
        deer     0.7215    0.0712    0.1297       800
         dog     0.5000    0.0063    0.0123       800
       horse     0.3604    0.6375    0.4605       800
      monkey     0.4621    0.3738    0.4133       800
        ship     0.7652    0.1263    0.2167       800
       truck     0.4000    0.0150    0.0289       800

    accuracy                         0.3544      8000
   macro avg     0.4570    0.3544    0.2787      8000
weighted avg     0.4570    0.3544    0.2787      8000

2026-01-09 06:15:53,494 | 
[Teacher Model Report]
              precision    recall  f1-score   support

    airplane     0.5065    0.7800    0.6142       800
        bird     0.3755    0.4788    0.4209       800
         car     0.4815    0.8475    0.6141       800
         cat     0.9091    0.0125    0.0247       800
        deer     0.4738    0.4075    0.4382       800
         dog     0.4804    0.0612    0.1086       800
       horse     0.3822    0.6913    0.4922       800
      monkey     0.4653    0.4525    0.4588       800
        ship     0.5749    0.6188    0.5960       800
       truck     0.5894    0.3337    0.4262       800

    accuracy                         0.4684      8000
   macro avg     0.5239    0.4684    0.4194      8000
weighted avg     0.5239    0.4684    0.4194      8000

2026-01-09 06:15:53,494 | ==============================
2026-01-09 06:15:53,519 | --> Saved New Best Acc: 0.4684
2026-01-09 06:16:03,231 | Epoch 010 | Loss: -0.2582 | Sup: 1.3301 | Uns: 0.0256 | Con: -1.6139 | Mask: 0.07 | EMA: 0.99095 | Best: 0.4849
2026-01-09 06:16:03,257 | --> Saved New Best Acc: 0.4849
2026-01-09 06:16:13,028 | Epoch 011 | Loss: -0.3389 | Sup: 1.3074 | Uns: 0.0367 | Con: -1.6830 | Mask: 0.11 | EMA: 0.99115 | Best: 0.4849
2026-01-09 06:16:22,793 | Epoch 012 | Loss: -0.3642 | Sup: 1.2919 | Uns: 0.0330 | Con: -1.6891 | Mask: 0.11 | EMA: 0.99136 | Best: 0.4849
2026-01-09 06:16:32,584 | Epoch 013 | Loss: -0.4149 | Sup: 1.2520 | Uns: 0.0400 | Con: -1.7070 | Mask: 0.11 | EMA: 0.99158 | Best: 0.4880
2026-01-09 06:16:32,618 | --> Saved New Best Acc: 0.4880
2026-01-09 06:16:42,421 | Epoch 014 | Loss: -0.4100 | Sup: 1.2458 | Uns: 0.0629 | Con: -1.7187 | Mask: 0.15 | EMA: 0.99181 | Best: 0.5204
2026-01-09 06:16:42,421 | ==============================
2026-01-09 06:16:42,421 | Detailed Report @ Epoch 14
2026-01-09 06:16:42,421 | ==============================
2026-01-09 06:16:44,673 | 
[Student Model Report]
              precision    recall  f1-score   support

    airplane     0.6647    0.6937    0.6789       800
        bird     0.6798    0.2812    0.3979       800
         car     0.5823    0.8450    0.6894       800
         cat     0.4575    0.2487    0.3223       800
        deer     0.5290    0.3650    0.4320       800
         dog     0.4423    0.1437    0.2170       800
       horse     0.4201    0.7688    0.5433       800
      monkey     0.3572    0.6350    0.4572       800
        ship     0.6897    0.6500    0.6692       800
       truck     0.5827    0.5725    0.5776       800

    accuracy                         0.5204      8000
   macro avg     0.5405    0.5204    0.4985      8000
weighted avg     0.5405    0.5204    0.4985      8000

2026-01-09 06:16:46,907 | 
[Teacher Model Report]
              precision    recall  f1-score   support

    airplane     0.6420    0.6950    0.6675       800
        bird     0.3070    0.7250    0.4314       800
         car     0.7972    0.6438    0.7123       800
         cat     0.3727    0.3312    0.3508       800
        deer     0.4019    0.5300    0.4571       800
         dog     0.3743    0.2662    0.3112       800
       horse     0.6997    0.2650    0.3844       800
      monkey     0.6644    0.1212    0.2051       800
        ship     0.6161    0.7863    0.6908       800
       truck     0.5957    0.5913    0.5935       800

    accuracy                         0.4955      8000
   macro avg     0.5471    0.4955    0.4804      8000
weighted avg     0.5471    0.4955    0.4804      8000

2026-01-09 06:16:46,907 | ==============================
2026-01-09 06:16:46,940 | --> Saved New Best Acc: 0.5204
2026-01-09 06:16:56,723 | Epoch 015 | Loss: -0.4536 | Sup: 1.2317 | Uns: 0.0432 | Con: -1.7285 | Mask: 0.13 | EMA: 0.99206 | Best: 0.5333
2026-01-09 06:16:56,750 | --> Saved New Best Acc: 0.5333
2026-01-09 06:17:06,488 | Epoch 016 | Loss: -0.4581 | Sup: 1.2206 | Uns: 0.0700 | Con: -1.7486 | Mask: 0.18 | EMA: 0.99232 | Best: 0.5333
2026-01-09 06:17:16,285 | Epoch 017 | Loss: -0.4434 | Sup: 1.2080 | Uns: 0.0912 | Con: -1.7426 | Mask: 0.20 | EMA: 0.99259 | Best: 0.5333
2026-01-09 06:17:26,046 | Epoch 018 | Loss: -0.5283 | Sup: 1.1761 | Uns: 0.0710 | Con: -1.7753 | Mask: 0.19 | EMA: 0.99287 | Best: 0.5333
2026-01-09 06:17:35,844 | Epoch 019 | Loss: -0.4780 | Sup: 1.1912 | Uns: 0.0956 | Con: -1.7648 | Mask: 0.23 | EMA: 0.99316 | Best: 0.5505
2026-01-09 06:17:35,844 | ==============================
2026-01-09 06:17:35,844 | Detailed Report @ Epoch 19
2026-01-09 06:17:35,844 | ==============================
2026-01-09 06:17:38,073 | 
[Student Model Report]
              precision    recall  f1-score   support

    airplane     0.5850    0.7612    0.6616       800
        bird     0.4914    0.4650    0.4778       800
         car     0.7371    0.6763    0.7053       800
         cat     0.6986    0.1913    0.3003       800
        deer     0.4609    0.4938    0.4768       800
         dog     0.5412    0.1725    0.2616       800
       horse     0.4459    0.7675    0.5641       800
      monkey     0.4778    0.5513    0.5119       800
        ship     0.7465    0.6663    0.7041       800
       truck     0.5414    0.7600    0.6323       800

    accuracy                         0.5505      8000
   macro avg     0.5726    0.5505    0.5296      8000
weighted avg     0.5726    0.5505    0.5296      8000

2026-01-09 06:17:40,304 | 
[Teacher Model Report]
              precision    recall  f1-score   support

    airplane     0.6758    0.6750    0.6754       800
        bird     0.4119    0.5262    0.4621       800
         car     0.6611    0.8387    0.7394       800
         cat     0.6211    0.0737    0.1318       800
        deer     0.6069    0.2625    0.3665       800
         dog     0.5773    0.0700    0.1249       800
       horse     0.6691    0.4550    0.5417       800
      monkey     0.2823    0.8688    0.4261       800
        ship     0.6506    0.7612    0.7016       800
       truck     0.6506    0.5563    0.5997       800

    accuracy                         0.5088      8000
   macro avg     0.5807    0.5088    0.4769      8000
weighted avg     0.5807    0.5088    0.4769      8000

2026-01-09 06:17:40,304 | ==============================
2026-01-09 06:17:40,337 | --> Saved New Best Acc: 0.5505
2026-01-09 06:17:50,098 | Epoch 020 | Loss: -0.3657 | Sup: 1.2269 | Uns: 0.1433 | Con: -1.7360 | Mask: 0.28 | EMA: 0.99345 | Best: 0.5505
2026-01-09 06:17:59,833 | Epoch 021 | Loss: -0.5114 | Sup: 1.1735 | Uns: 0.0856 | Con: -1.7705 | Mask: 0.20 | EMA: 0.99376 | Best: 0.5635
2026-01-09 06:17:59,860 | --> Saved New Best Acc: 0.5635
2026-01-09 06:18:09,590 | Epoch 022 | Loss: -0.5926 | Sup: 1.1399 | Uns: 0.0595 | Con: -1.7920 | Mask: 0.18 | EMA: 0.99406 | Best: 0.5635
2026-01-09 06:18:19,397 | Epoch 023 | Loss: -0.5874 | Sup: 1.1333 | Uns: 0.0769 | Con: -1.7975 | Mask: 0.20 | EMA: 0.99437 | Best: 0.5635
2026-01-09 06:18:29,205 | Epoch 024 | Loss: -0.6240 | Sup: 1.1186 | Uns: 0.0643 | Con: -1.8069 | Mask: 0.20 | EMA: 0.99469 | Best: 0.5635
2026-01-09 06:18:29,206 | ==============================
2026-01-09 06:18:29,206 | Detailed Report @ Epoch 24
2026-01-09 06:18:29,206 | ==============================
2026-01-09 06:18:31,463 | 
[Student Model Report]
              precision    recall  f1-score   support

    airplane     0.4964    0.7762    0.6056       800
        bird     0.5849    0.3488    0.4370       800
         car     0.8799    0.4763    0.6180       800
         cat     0.6667    0.2025    0.3106       800
        deer     0.6483    0.2650    0.3762       800
         dog     0.4304    0.3713    0.3987       800
       horse     0.4182    0.7700    0.5420       800
      monkey     0.4020    0.5563    0.4667       800
        ship     0.5425    0.8688    0.6679       800
       truck     0.6128    0.5500    0.5797       800

    accuracy                         0.5185      8000
   macro avg     0.5682    0.5185    0.5002      8000
weighted avg     0.5682    0.5185    0.5002      8000

2026-01-09 06:18:33,705 | 
[Teacher Model Report]
              precision    recall  f1-score   support

    airplane     0.7383    0.6138    0.6703       800
        bird     0.4317    0.6088    0.5052       800
         car     0.7638    0.7275    0.7452       800
         cat     0.3061    0.6175    0.4093       800
        deer     0.5465    0.2350    0.3287       800
         dog     0.4422    0.2437    0.3143       800
       horse     0.6453    0.5162    0.5736       800
      monkey     0.5084    0.3762    0.4325       800
        ship     0.6320    0.8200    0.7138       800
       truck     0.6327    0.6138    0.6231       800

    accuracy                         0.5373      8000
   macro avg     0.5647    0.5373    0.5316      8000
weighted avg     0.5647    0.5373    0.5316      8000

2026-01-09 06:18:33,705 | ==============================
2026-01-09 06:18:43,480 | Epoch 025 | Loss: -0.6389 | Sup: 1.0987 | Uns: 0.0750 | Con: -1.8125 | Mask: 0.21 | EMA: 0.99500 | Best: 0.5635
2026-01-09 06:18:53,244 | Epoch 026 | Loss: -0.6615 | Sup: 1.0958 | Uns: 0.0708 | Con: -1.8281 | Mask: 0.23 | EMA: 0.99531 | Best: 0.5635
2026-01-09 06:19:03,033 | Epoch 027 | Loss: -0.6729 | Sup: 1.0821 | Uns: 0.0747 | Con: -1.8297 | Mask: 0.23 | EMA: 0.99563 | Best: 0.5635
2026-01-09 06:19:12,792 | Epoch 028 | Loss: -0.6034 | Sup: 1.0788 | Uns: 0.1458 | Con: -1.8280 | Mask: 0.31 | EMA: 0.99594 | Best: 0.5635
2026-01-09 06:19:22,552 | Epoch 029 | Loss: -0.7113 | Sup: 1.0590 | Uns: 0.0818 | Con: -1.8521 | Mask: 0.26 | EMA: 0.99624 | Best: 0.5635
2026-01-09 06:19:22,552 | ==============================
2026-01-09 06:19:22,553 | Detailed Report @ Epoch 29
2026-01-09 06:19:22,553 | ==============================
2026-01-09 06:19:24,794 | 
[Student Model Report]
              precision    recall  f1-score   support

    airplane     0.5380    0.8325    0.6536       800
        bird     0.3671    0.6525    0.4698       800
         car     0.6396    0.8762    0.7395       800
         cat     0.6326    0.2475    0.3558       800
        deer     0.6243    0.2762    0.3830       800
         dog     0.4314    0.3850    0.4069       800
       horse     0.6378    0.5062    0.5645       800
      monkey     0.4322    0.6250    0.5110       800
        ship     0.7313    0.6837    0.7067       800
       truck     0.8297    0.3350    0.4773       800

    accuracy                         0.5420      8000
   macro avg     0.5864    0.5420    0.5268      8000
weighted avg     0.5864    0.5420    0.5268      8000

2026-01-09 06:19:27,025 | 
[Teacher Model Report]
              precision    recall  f1-score   support

    airplane     0.6162    0.6763    0.6448       800
        bird     0.3915    0.4938    0.4367       800
         car     0.4697    0.9000    0.6172       800
         cat     0.3808    0.3912    0.3859       800
        deer     0.6947    0.1650    0.2667       800
         dog     0.5571    0.1462    0.2317       800
       horse     0.5559    0.5900    0.5725       800
      monkey     0.4970    0.4150    0.4523       800
        ship     0.5289    0.8475    0.6513       800
       truck     0.6959    0.4863    0.5725       800

    accuracy                         0.5111      8000
   macro avg     0.5388    0.5111    0.4832      8000
weighted avg     0.5388    0.5111    0.4832      8000

2026-01-09 06:19:27,026 | ==============================
2026-01-09 06:19:36,812 | Epoch 030 | Loss: -0.6912 | Sup: 1.0558 | Uns: 0.1067 | Con: -1.8537 | Mask: 0.30 | EMA: 0.99655 | Best: 0.5635
2026-01-09 06:19:46,628 | Epoch 031 | Loss: -0.7109 | Sup: 1.0459 | Uns: 0.0924 | Con: -1.8492 | Mask: 0.27 | EMA: 0.99684 | Best: 0.5635
2026-01-09 06:19:56,407 | Epoch 032 | Loss: -0.7407 | Sup: 1.0325 | Uns: 0.0895 | Con: -1.8626 | Mask: 0.28 | EMA: 0.99713 | Best: 0.5736
2026-01-09 06:19:56,439 | --> Saved New Best Acc: 0.5736
2026-01-09 06:20:06,169 | Epoch 033 | Loss: -0.6763 | Sup: 1.0476 | Uns: 0.1251 | Con: -1.8490 | Mask: 0.33 | EMA: 0.99741 | Best: 0.5744
2026-01-09 06:20:06,195 | --> Saved New Best Acc: 0.5744
2026-01-09 06:20:15,980 | Epoch 034 | Loss: -0.5356 | Sup: 1.0704 | Uns: 0.2040 | Con: -1.8101 | Mask: 0.44 | EMA: 0.99768 | Best: 0.5936
2026-01-09 06:20:15,981 | ==============================
2026-01-09 06:20:15,981 | Detailed Report @ Epoch 34
2026-01-09 06:20:15,981 | ==============================
2026-01-09 06:20:18,242 | 
[Student Model Report]
              precision    recall  f1-score   support

    airplane     0.7124    0.6687    0.6899       800
        bird     0.6467    0.4713    0.5452       800
         car     0.7603    0.7850    0.7724       800
         cat     0.4018    0.5700    0.4713       800
        deer     0.6000    0.3787    0.4644       800
         dog     0.5273    0.3137    0.3934       800
       horse     0.5498    0.7175    0.6226       800
      monkey     0.4725    0.5363    0.5023       800
        ship     0.6725    0.8600    0.7548       800
       truck     0.6782    0.6350    0.6559       800

    accuracy                         0.5936      8000
   macro avg     0.6021    0.5936    0.5872      8000
weighted avg     0.6021    0.5936    0.5872      8000

2026-01-09 06:20:20,464 | 
[Teacher Model Report]
              precision    recall  f1-score   support

    airplane     0.6182    0.7975    0.6965       800
        bird     0.6719    0.3738    0.4803       800
         car     0.6831    0.8325    0.7504       800
         cat     0.2803    0.7000    0.4003       800
        deer     0.7143    0.0875    0.1559       800
         dog     0.4270    0.2850    0.3418       800
       horse     0.5666    0.6538    0.6071       800
      monkey     0.5023    0.4012    0.4461       800
        ship     0.7732    0.6562    0.7099       800
       truck     0.7031    0.5950    0.6445       800

    accuracy                         0.5383      8000
   macro avg     0.5940    0.5383    0.5233      8000
weighted avg     0.5940    0.5383    0.5233      8000

2026-01-09 06:20:20,464 | ==============================
2026-01-09 06:20:20,496 | --> Saved New Best Acc: 0.5936
2026-01-09 06:20:30,265 | Epoch 035 | Loss: -0.7678 | Sup: 1.0126 | Uns: 0.0933 | Con: -1.8737 | Mask: 0.31 | EMA: 0.99794 | Best: 0.5936
2026-01-09 06:20:40,040 | Epoch 036 | Loss: -0.8471 | Sup: 0.9700 | Uns: 0.0769 | Con: -1.8940 | Mask: 0.28 | EMA: 0.99819 | Best: 0.5936
2026-01-09 06:20:49,924 | Epoch 037 | Loss: -0.8282 | Sup: 0.9838 | Uns: 0.0743 | Con: -1.8862 | Mask: 0.27 | EMA: 0.99842 | Best: 0.5936
2026-01-09 06:20:59,769 | Epoch 038 | Loss: -0.8658 | Sup: 0.9593 | Uns: 0.0781 | Con: -1.9032 | Mask: 0.31 | EMA: 0.99864 | Best: 0.6030
2026-01-09 06:20:59,802 | --> Saved New Best Acc: 0.6030
2026-01-09 06:21:09,580 | Epoch 039 | Loss: -0.8582 | Sup: 0.9673 | Uns: 0.0749 | Con: -1.9005 | Mask: 0.30 | EMA: 0.99885 | Best: 0.6030
2026-01-09 06:21:09,580 | ==============================
2026-01-09 06:21:09,580 | Detailed Report @ Epoch 39
2026-01-09 06:21:09,580 | ==============================
2026-01-09 06:21:11,818 | 
[Student Model Report]
              precision    recall  f1-score   support

    airplane     0.6353    0.7837    0.7017       800
        bird     0.4755    0.5713    0.5190       800
         car     0.7667    0.8050    0.7854       800
         cat     0.5881    0.3463    0.4359       800
        deer     0.6000    0.3375    0.4320       800
         dog     0.5305    0.3150    0.3953       800
       horse     0.5961    0.6512    0.6225       800
      monkey     0.3840    0.7262    0.5024       800
        ship     0.7606    0.7425    0.7514       800
       truck     0.7315    0.5925    0.6547       800

    accuracy                         0.5871      8000
   macro avg     0.6068    0.5871    0.5800      8000
weighted avg     0.6068    0.5871    0.5800      8000

2026-01-09 06:21:14,052 | 
[Teacher Model Report]
              precision    recall  f1-score   support

    airplane     0.6578    0.7137    0.6847       800
        bird     0.6756    0.4113    0.5113       800
         car     0.7418    0.7075    0.7242       800
         cat     0.5121    0.3700    0.4296       800
        deer     0.6963    0.2350    0.3514       800
         dog     0.4668    0.3337    0.3892       800
       horse     0.5170    0.7400    0.6087       800
      monkey     0.3701    0.6837    0.4802       800
        ship     0.7392    0.7087    0.7237       800
       truck     0.5653    0.7575    0.6474       800

    accuracy                         0.5661      8000
   macro avg     0.5942    0.5661    0.5550      8000
weighted avg     0.5942    0.5661    0.5550      8000

2026-01-09 06:21:14,052 | ==============================
2026-01-09 06:21:23,784 | Epoch 040 | Loss: -0.8590 | Sup: 0.9642 | Uns: 0.0838 | Con: -1.9069 | Mask: 0.32 | EMA: 0.99905 | Best: 0.6059
2026-01-09 06:21:23,816 | --> Saved New Best Acc: 0.6059
2026-01-09 06:21:33,555 | Epoch 041 | Loss: -0.8690 | Sup: 0.9524 | Uns: 0.0839 | Con: -1.9053 | Mask: 0.32 | EMA: 0.99922 | Best: 0.6059
2026-01-09 06:21:43,321 | Epoch 042 | Loss: -0.8634 | Sup: 0.9498 | Uns: 0.0984 | Con: -1.9115 | Mask: 0.33 | EMA: 0.99938 | Best: 0.6059
2026-01-09 06:21:53,054 | Epoch 043 | Loss: -0.8848 | Sup: 0.9424 | Uns: 0.0919 | Con: -1.9190 | Mask: 0.33 | EMA: 0.99952 | Best: 0.6059
2026-01-09 06:22:02,829 | Epoch 044 | Loss: -0.8899 | Sup: 0.9417 | Uns: 0.0873 | Con: -1.9189 | Mask: 0.32 | EMA: 0.99965 | Best: 0.6082
2026-01-09 06:22:02,829 | ==============================
2026-01-09 06:22:02,829 | Detailed Report @ Epoch 44
2026-01-09 06:22:02,829 | ==============================
2026-01-09 06:22:05,066 | 
[Student Model Report]
              precision    recall  f1-score   support

    airplane     0.6800    0.7675    0.7211       800
        bird     0.5453    0.5337    0.5395       800
         car     0.7301    0.8250    0.7746       800
         cat     0.5924    0.3525    0.4420       800
        deer     0.6189    0.4263    0.5048       800
         dog     0.4757    0.4400    0.4571       800
       horse     0.6042    0.6887    0.6437       800
      monkey     0.4371    0.6425    0.5202       800
        ship     0.7732    0.7288    0.7503       800
       truck     0.6767    0.6775    0.6771       800

    accuracy                         0.6082      8000
   macro avg     0.6133    0.6082    0.6031      8000
weighted avg     0.6133    0.6082    0.6031      8000

2026-01-09 06:22:07,302 | 
[Teacher Model Report]
              precision    recall  f1-score   support

    airplane     0.6602    0.6850    0.6724       800
        bird     0.6751    0.3663    0.4749       800
         car     0.7007    0.7113    0.7060       800
         cat     0.5631    0.3513    0.4326       800
        deer     0.6755    0.3175    0.4320       800
         dog     0.3972    0.3575    0.3763       800
       horse     0.4299    0.8050    0.5605       800
      monkey     0.4339    0.4387    0.4363       800
        ship     0.6550    0.7500    0.6993       800
       truck     0.5542    0.7662    0.6432       800

    accuracy                         0.5549      8000
   macro avg     0.5745    0.5549    0.5433      8000
weighted avg     0.5745    0.5549    0.5433      8000

2026-01-09 06:22:07,302 | ==============================
2026-01-09 06:22:07,328 | --> Saved New Best Acc: 0.6082
2026-01-09 06:22:17,099 | Epoch 045 | Loss: -0.8873 | Sup: 0.9374 | Uns: 0.0941 | Con: -1.9188 | Mask: 0.33 | EMA: 0.99976 | Best: 0.6082
2026-01-09 06:22:26,861 | Epoch 046 | Loss: -0.8792 | Sup: 0.9390 | Uns: 0.1033 | Con: -1.9215 | Mask: 0.34 | EMA: 0.99984 | Best: 0.6082
2026-01-09 06:22:36,610 | Epoch 047 | Loss: -0.9046 | Sup: 0.9248 | Uns: 0.0971 | Con: -1.9264 | Mask: 0.34 | EMA: 0.99991 | Best: 0.6082
2026-01-09 06:22:46,361 | Epoch 048 | Loss: -0.8891 | Sup: 0.9320 | Uns: 0.0991 | Con: -1.9202 | Mask: 0.33 | EMA: 0.99996 | Best: 0.6082
2026-01-09 06:22:56,149 | Epoch 049 | Loss: -0.9070 | Sup: 0.9225 | Uns: 0.0955 | Con: -1.9250 | Mask: 0.34 | EMA: 0.99999 | Best: 0.6082
2026-01-09 06:22:56,149 | ==============================
2026-01-09 06:22:56,149 | Detailed Report @ Epoch 49
2026-01-09 06:22:56,149 | ==============================
2026-01-09 06:22:58,376 | 
[Student Model Report]
              precision    recall  f1-score   support

    airplane     0.6920    0.7612    0.7250       800
        bird     0.5748    0.5188    0.5453       800
         car     0.7643    0.7863    0.7751       800
         cat     0.6060    0.3287    0.4263       800
        deer     0.6152    0.4037    0.4875       800
         dog     0.4927    0.4200    0.4534       800
       horse     0.5549    0.7325    0.6315       800
      monkey     0.4211    0.6500    0.5111       800
        ship     0.7730    0.7362    0.7542       800
       truck     0.6538    0.7200    0.6853       800

    accuracy                         0.6058      8000
   macro avg     0.6148    0.6058    0.5995      8000
weighted avg     0.6148    0.6058    0.5995      8000

2026-01-09 06:23:00,612 | 
[Teacher Model Report]
              precision    recall  f1-score   support

    airplane     0.6381    0.6987    0.6671       800
        bird     0.6745    0.3575    0.4673       800
         car     0.6848    0.7250    0.7043       800
         cat     0.5389    0.3550    0.4280       800
        deer     0.6903    0.2925    0.4109       800
         dog     0.3938    0.3962    0.3950       800
       horse     0.4511    0.7788    0.5713       800
      monkey     0.4326    0.4250    0.4288       800
        ship     0.6467    0.7438    0.6919       800
       truck     0.5562    0.7612    0.6427       800

    accuracy                         0.5534      8000
   macro avg     0.5707    0.5534    0.5407      8000
weighted avg     0.5707    0.5534    0.5407      8000

2026-01-09 06:23:00,612 | ==============================
2026-01-09 06:23:00,632 | Training Finished.
