2026-01-09 05:35:11,951 | Dataset: stl10
2026-01-09 05:35:22,869 | Start Training...
2026-01-09 05:35:31,387 | Epoch 000 | Loss: 1.9260 | Uns: 0.0000 | Mask: 0.00 | EMA: 0.99000 | St/Te Acc: 0.3091/0.2732 | Best: 0.3091
2026-01-09 05:35:31,406 | --> Saved New Best Acc: 0.3091
2026-01-09 05:35:39,717 | Epoch 001 | Loss: 1.7303 | Uns: 0.0000 | Mask: 0.00 | EMA: 0.99001 | St/Te Acc: 0.3688/0.2989 | Best: 0.3688
2026-01-09 05:35:39,760 | --> Saved New Best Acc: 0.3688
2026-01-09 05:35:48,041 | Epoch 002 | Loss: 1.6430 | Uns: 0.0000 | Mask: 0.00 | EMA: 0.99004 | St/Te Acc: 0.3616/0.2861 | Best: 0.3688
2026-01-09 05:35:56,416 | Epoch 003 | Loss: 1.5681 | Uns: 0.0004 | Mask: 0.00 | EMA: 0.99009 | St/Te Acc: 0.3331/0.2662 | Best: 0.3688
2026-01-09 05:36:05,411 | Epoch 004 | Loss: 1.5618 | Uns: 0.0226 | Mask: 0.03 | EMA: 0.99016 | St/Te Acc: 0.4070/0.3764 | Best: 0.4070
2026-01-09 05:36:05,463 | --> Saved New Best Acc: 0.4070
2026-01-09 05:36:14,069 | Epoch 005 | Loss: 1.5084 | Uns: 0.0053 | Mask: 0.01 | EMA: 0.99024 | St/Te Acc: 0.2910/0.2819 | Best: 0.4070
2026-01-09 05:36:23,097 | Epoch 006 | Loss: 1.4503 | Uns: 0.0055 | Mask: 0.01 | EMA: 0.99035 | St/Te Acc: 0.4109/0.4303 | Best: 0.4303
2026-01-09 05:36:23,140 | --> Saved New Best Acc: 0.4303
2026-01-09 05:36:32,419 | Epoch 007 | Loss: 1.4157 | Uns: 0.0145 | Mask: 0.04 | EMA: 0.99048 | St/Te Acc: 0.3840/0.3299 | Best: 0.4303
2026-01-09 05:36:41,863 | Epoch 008 | Loss: 1.4222 | Uns: 0.0318 | Mask: 0.06 | EMA: 0.99062 | St/Te Acc: 0.3961/0.4124 | Best: 0.4303
2026-01-09 05:36:51,305 | Epoch 009 | Loss: 1.4067 | Uns: 0.0363 | Mask: 0.07 | EMA: 0.99078 | St/Te Acc: 0.4961/0.3559 | Best: 0.4961
2026-01-09 05:36:51,337 | --> Saved New Best Acc: 0.4961
2026-01-09 05:37:00,817 | Epoch 010 | Loss: 1.3934 | Uns: 0.0348 | Mask: 0.07 | EMA: 0.99095 | St/Te Acc: 0.4391/0.3944 | Best: 0.4961
2026-01-09 05:37:10,374 | Epoch 011 | Loss: 1.3760 | Uns: 0.0459 | Mask: 0.11 | EMA: 0.99115 | St/Te Acc: 0.4331/0.4973 | Best: 0.4973
2026-01-09 05:37:10,422 | --> Saved New Best Acc: 0.4973
2026-01-09 05:37:19,859 | Epoch 012 | Loss: 1.3549 | Uns: 0.0493 | Mask: 0.14 | EMA: 0.99136 | St/Te Acc: 0.3999/0.4103 | Best: 0.4973
2026-01-09 05:37:29,336 | Epoch 013 | Loss: 1.3384 | Uns: 0.0527 | Mask: 0.14 | EMA: 0.99158 | St/Te Acc: 0.5235/0.4958 | Best: 0.5235
2026-01-09 05:37:29,386 | --> Saved New Best Acc: 0.5235
2026-01-09 05:37:38,834 | Epoch 014 | Loss: 1.3682 | Uns: 0.0847 | Mask: 0.20 | EMA: 0.99181 | St/Te Acc: 0.4034/0.4289 | Best: 0.5235
2026-01-09 05:37:48,299 | Epoch 015 | Loss: 1.3353 | Uns: 0.0685 | Mask: 0.16 | EMA: 0.99206 | St/Te Acc: 0.3900/0.5323 | Best: 0.5323
2026-01-09 05:37:48,356 | --> Saved New Best Acc: 0.5323
2026-01-09 05:37:57,835 | Epoch 016 | Loss: 1.3237 | Uns: 0.0596 | Mask: 0.16 | EMA: 0.99232 | St/Te Acc: 0.4916/0.4866 | Best: 0.5323
2026-01-09 05:38:07,321 | Epoch 017 | Loss: 1.3316 | Uns: 0.0827 | Mask: 0.19 | EMA: 0.99259 | St/Te Acc: 0.4290/0.5001 | Best: 0.5323
2026-01-09 05:38:16,839 | Epoch 018 | Loss: 1.3415 | Uns: 0.0871 | Mask: 0.20 | EMA: 0.99287 | St/Te Acc: 0.4382/0.4236 | Best: 0.5323
2026-01-09 05:38:26,324 | Epoch 019 | Loss: 1.2655 | Uns: 0.0655 | Mask: 0.17 | EMA: 0.99316 | St/Te Acc: 0.4435/0.4771 | Best: 0.5323
2026-01-09 05:38:35,764 | Epoch 020 | Loss: 1.2759 | Uns: 0.0799 | Mask: 0.20 | EMA: 0.99345 | St/Te Acc: 0.4780/0.4774 | Best: 0.5323
2026-01-09 05:38:45,235 | Epoch 021 | Loss: 1.2772 | Uns: 0.0774 | Mask: 0.20 | EMA: 0.99376 | St/Te Acc: 0.4834/0.5272 | Best: 0.5323
2026-01-09 05:38:54,750 | Epoch 022 | Loss: 1.2487 | Uns: 0.0724 | Mask: 0.19 | EMA: 0.99406 | St/Te Acc: 0.5174/0.4709 | Best: 0.5323
2026-01-09 05:39:04,216 | Epoch 023 | Loss: 1.2765 | Uns: 0.1073 | Mask: 0.23 | EMA: 0.99437 | St/Te Acc: 0.4366/0.4804 | Best: 0.5323
2026-01-09 05:39:13,705 | Epoch 024 | Loss: 1.2239 | Uns: 0.0722 | Mask: 0.19 | EMA: 0.99469 | St/Te Acc: 0.4788/0.5179 | Best: 0.5323
2026-01-09 05:39:23,215 | Epoch 025 | Loss: 1.2449 | Uns: 0.1009 | Mask: 0.25 | EMA: 0.99500 | St/Te Acc: 0.5084/0.4387 | Best: 0.5323
2026-01-09 05:39:32,701 | Epoch 026 | Loss: 1.2562 | Uns: 0.1159 | Mask: 0.26 | EMA: 0.99531 | St/Te Acc: 0.4076/0.5334 | Best: 0.5334
2026-01-09 05:39:32,725 | --> Saved New Best Acc: 0.5334
2026-01-09 05:39:42,195 | Epoch 027 | Loss: 1.2062 | Uns: 0.0934 | Mask: 0.24 | EMA: 0.99563 | St/Te Acc: 0.3995/0.4783 | Best: 0.5334
2026-01-09 05:39:51,643 | Epoch 028 | Loss: 1.1873 | Uns: 0.0812 | Mask: 0.24 | EMA: 0.99594 | St/Te Acc: 0.5006/0.4809 | Best: 0.5334
2026-01-09 05:40:01,118 | Epoch 029 | Loss: 1.1808 | Uns: 0.0921 | Mask: 0.27 | EMA: 0.99624 | St/Te Acc: 0.5584/0.5235 | Best: 0.5584
2026-01-09 05:40:01,142 | --> Saved New Best Acc: 0.5584
2026-01-09 05:40:10,588 | Epoch 030 | Loss: 1.1830 | Uns: 0.0964 | Mask: 0.27 | EMA: 0.99655 | St/Te Acc: 0.5016/0.5200 | Best: 0.5584
2026-01-09 05:40:20,105 | Epoch 031 | Loss: 1.1679 | Uns: 0.1030 | Mask: 0.29 | EMA: 0.99684 | St/Te Acc: 0.5480/0.5144 | Best: 0.5584
2026-01-09 05:40:29,575 | Epoch 032 | Loss: 1.1877 | Uns: 0.1203 | Mask: 0.30 | EMA: 0.99713 | St/Te Acc: 0.5399/0.4966 | Best: 0.5584
2026-01-09 05:40:39,030 | Epoch 033 | Loss: 1.2632 | Uns: 0.1728 | Mask: 0.34 | EMA: 0.99741 | St/Te Acc: 0.5583/0.4711 | Best: 0.5584
2026-01-09 05:40:48,542 | Epoch 034 | Loss: 1.1899 | Uns: 0.1386 | Mask: 0.32 | EMA: 0.99768 | St/Te Acc: 0.5554/0.4788 | Best: 0.5584
2026-01-09 05:40:58,046 | Epoch 035 | Loss: 1.3010 | Uns: 0.2148 | Mask: 0.36 | EMA: 0.99794 | St/Te Acc: 0.5321/0.3984 | Best: 0.5584
2026-01-09 05:41:07,553 | Epoch 036 | Loss: 1.3997 | Uns: 0.2565 | Mask: 0.40 | EMA: 0.99819 | St/Te Acc: 0.5160/0.3613 | Best: 0.5584
2026-01-09 05:41:17,063 | Epoch 037 | Loss: 1.5964 | Uns: 0.3881 | Mask: 0.51 | EMA: 0.99842 | St/Te Acc: 0.5260/0.2888 | Best: 0.5584
2026-01-09 05:41:26,571 | Epoch 038 | Loss: 1.9064 | Uns: 0.5011 | Mask: 0.74 | EMA: 0.99864 | St/Te Acc: 0.4891/0.2374 | Best: 0.5584
2026-01-09 05:41:36,040 | Epoch 039 | Loss: 1.9365 | Uns: 0.5018 | Mask: 0.80 | EMA: 0.99885 | St/Te Acc: 0.4199/0.2345 | Best: 0.5584
2026-01-09 05:41:45,494 | Epoch 040 | Loss: 1.9048 | Uns: 0.4944 | Mask: 0.81 | EMA: 0.99905 | St/Te Acc: 0.3561/0.2552 | Best: 0.5584
2026-01-09 05:41:54,992 | Epoch 041 | Loss: 1.8302 | Uns: 0.4639 | Mask: 0.78 | EMA: 0.99922 | St/Te Acc: 0.4141/0.2419 | Best: 0.5584
2026-01-09 05:42:04,466 | Epoch 042 | Loss: 1.8632 | Uns: 0.4716 | Mask: 0.80 | EMA: 0.99938 | St/Te Acc: 0.4115/0.2687 | Best: 0.5584
2026-01-09 05:42:13,968 | Epoch 043 | Loss: 1.8236 | Uns: 0.4545 | Mask: 0.78 | EMA: 0.99952 | St/Te Acc: 0.4356/0.2531 | Best: 0.5584
2026-01-09 05:42:23,434 | Epoch 044 | Loss: 1.8237 | Uns: 0.4684 | Mask: 0.79 | EMA: 0.99965 | St/Te Acc: 0.4161/0.2760 | Best: 0.5584
2026-01-09 05:42:23,451 | Early stopping triggered.
2026-01-09 05:42:23,451 | Training Finished.
2026-01-09 05:46:53,440 | Dataset: stl10
2026-01-09 05:47:04,125 | Resumed from epoch 45, Best Acc: 0.558375
2026-01-09 05:47:04,125 | Start Training...
2026-01-09 05:47:13,877 | Epoch 045 | Loss: 1.7794 | Sup: 1.3414 | Uns: 0.4380 | Con: 0.0000 | Mask: 0.78 | EMA: 0.99976 | Best: 0.5584
2026-01-09 05:47:23,418 | Epoch 046 | Loss: 1.7956 | Sup: 1.3474 | Uns: 0.4481 | Con: 0.0000 | Mask: 0.78 | EMA: 0.99984 | Best: 0.5584
2026-01-09 05:47:33,021 | Epoch 047 | Loss: 1.8038 | Sup: 1.3511 | Uns: 0.4527 | Con: 0.0000 | Mask: 0.78 | EMA: 0.99991 | Best: 0.5584
2026-01-09 05:47:42,546 | Epoch 048 | Loss: 1.7855 | Sup: 1.3338 | Uns: 0.4517 | Con: 0.0000 | Mask: 0.79 | EMA: 0.99996 | Best: 0.5584
2026-01-09 05:47:52,090 | Epoch 049 | Loss: 1.7933 | Sup: 1.3370 | Uns: 0.4563 | Con: 0.0000 | Mask: 0.79 | EMA: 0.99999 | Best: 0.5584
2026-01-09 05:47:52,114 | Training Finished.
2026-01-09 05:50:33,943 | Dataset: stl10
2026-01-09 05:50:44,576 | Resumed from epoch 50, Best Acc: 0.558375
2026-01-09 05:50:44,576 | Start Training...
2026-01-09 05:50:44,576 | Training Finished.
