Dataset=stl10 | loss_type=sup_only
Labeled=5000, Unlabeled=100000
[START] training from scratch
[BEST] Epoch 0 | Acc 0.6511
Epoch 0 | Loss 0.9679 | CE 0.9679 | Contra 0.0000 | Acc 0.6511
[BEST] Epoch 1 | Acc 0.7432
Epoch 1 | Loss 0.6023 | CE 0.6023 | Contra 0.0000 | Acc 0.7432
[BEST] Epoch 2 | Acc 0.7631
Epoch 2 | Loss 0.4809 | CE 0.4809 | Contra 0.0000 | Acc 0.7631
[BEST] Epoch 3 | Acc 0.7923
Epoch 3 | Loss 0.4271 | CE 0.4271 | Contra 0.0000 | Acc 0.7923
Epoch 4 | Loss 0.3799 | CE 0.3799 | Contra 0.0000 | Acc 0.7626
Epoch 5 | Loss 0.3305 | CE 0.3305 | Contra 0.0000 | Acc 0.7446
Epoch 6 | Loss 0.3273 | CE 0.3273 | Contra 0.0000 | Acc 0.7792
Epoch 7 | Loss 0.3310 | CE 0.3310 | Contra 0.0000 | Acc 0.7714
Epoch 8 | Loss 0.3258 | CE 0.3258 | Contra 0.0000 | Acc 0.7786
Epoch 9 | Loss 0.3256 | CE 0.3256 | Contra 0.0000 | Acc 0.7538
[BEST] Epoch 10 | Acc 0.8075
Epoch 10 | Loss 0.2906 | CE 0.2906 | Contra 0.0000 | Acc 0.8075
[BEST] Epoch 11 | Acc 0.8254
Epoch 11 | Loss 0.2747 | CE 0.2747 | Contra 0.0000 | Acc 0.8254
Epoch 12 | Loss 0.2526 | CE 0.2526 | Contra 0.0000 | Acc 0.7796
Epoch 13 | Loss 0.2472 | CE 0.2472 | Contra 0.0000 | Acc 0.7875
Epoch 14 | Loss 0.2364 | CE 0.2364 | Contra 0.0000 | Acc 0.7635
Epoch 15 | Loss 0.2322 | CE 0.2322 | Contra 0.0000 | Acc 0.7425
Epoch 16 | Loss 0.2433 | CE 0.2433 | Contra 0.0000 | Acc 0.6626
Epoch 17 | Loss 0.2263 | CE 0.2263 | Contra 0.0000 | Acc 0.8117
Epoch 18 | Loss 0.2093 | CE 0.2093 | Contra 0.0000 | Acc 0.8225
Epoch 19 | Loss 0.2152 | CE 0.2152 | Contra 0.0000 | Acc 0.7681
Epoch 20 | Loss 0.2006 | CE 0.2006 | Contra 0.0000 | Acc 0.8096
Epoch 21 | Loss 0.2006 | CE 0.2006 | Contra 0.0000 | Acc 0.7681
Epoch 22 | Loss 0.2016 | CE 0.2016 | Contra 0.0000 | Acc 0.8169
Epoch 23 | Loss 0.1883 | CE 0.1883 | Contra 0.0000 | Acc 0.7751
Epoch 24 | Loss 0.1737 | CE 0.1737 | Contra 0.0000 | Acc 0.7859
Epoch 25 | Loss 0.1937 | CE 0.1937 | Contra 0.0000 | Acc 0.8074
Epoch 26 | Loss 0.1769 | CE 0.1769 | Contra 0.0000 | Acc 0.8083
Epoch 27 | Loss 0.1717 | CE 0.1717 | Contra 0.0000 | Acc 0.8211
Epoch 28 | Loss 0.1623 | CE 0.1623 | Contra 0.0000 | Acc 0.8076
Epoch 29 | Loss 0.1661 | CE 0.1661 | Contra 0.0000 | Acc 0.7804
[BEST] Epoch 30 | Acc 0.8281
Epoch 30 | Loss 0.1623 | CE 0.1623 | Contra 0.0000 | Acc 0.8281
Epoch 31 | Loss 0.1636 | CE 0.1636 | Contra 0.0000 | Acc 0.8177
Epoch 32 | Loss 0.1680 | CE 0.1680 | Contra 0.0000 | Acc 0.7940
Epoch 33 | Loss 0.1541 | CE 0.1541 | Contra 0.0000 | Acc 0.7971
Epoch 34 | Loss 0.1571 | CE 0.1571 | Contra 0.0000 | Acc 0.7939
Epoch 35 | Loss 0.1616 | CE 0.1616 | Contra 0.0000 | Acc 0.8227
Epoch 36 | Loss 0.1402 | CE 0.1402 | Contra 0.0000 | Acc 0.8280
[BEST] Epoch 37 | Acc 0.8373
Epoch 37 | Loss 0.1480 | CE 0.1480 | Contra 0.0000 | Acc 0.8373
Epoch 38 | Loss 0.1390 | CE 0.1390 | Contra 0.0000 | Acc 0.8171
Epoch 39 | Loss 0.1416 | CE 0.1416 | Contra 0.0000 | Acc 0.7876
Epoch 40 | Loss 0.1290 | CE 0.1290 | Contra 0.0000 | Acc 0.8091
[BEST] Epoch 41 | Acc 0.8389
Epoch 41 | Loss 0.1292 | CE 0.1292 | Contra 0.0000 | Acc 0.8389
Epoch 42 | Loss 0.1404 | CE 0.1404 | Contra 0.0000 | Acc 0.8091
Epoch 43 | Loss 0.1370 | CE 0.1370 | Contra 0.0000 | Acc 0.7915
Epoch 44 | Loss 0.1573 | CE 0.1573 | Contra 0.0000 | Acc 0.8169
Epoch 45 | Loss 0.1399 | CE 0.1399 | Contra 0.0000 | Acc 0.8135
Epoch 46 | Loss 0.1339 | CE 0.1339 | Contra 0.0000 | Acc 0.8276
Epoch 47 | Loss 0.1406 | CE 0.1406 | Contra 0.0000 | Acc 0.8113
Epoch 48 | Loss 0.1287 | CE 0.1287 | Contra 0.0000 | Acc 0.7935
Epoch 49 | Loss 0.1344 | CE 0.1344 | Contra 0.0000 | Acc 0.8163
Epoch 50 | Loss 0.1184 | CE 0.1184 | Contra 0.0000 | Acc 0.8355
Epoch 51 | Loss 0.1444 | CE 0.1444 | Contra 0.0000 | Acc 0.8133
Epoch 52 | Loss 0.1263 | CE 0.1263 | Contra 0.0000 | Acc 0.8163
Epoch 53 | Loss 0.1209 | CE 0.1209 | Contra 0.0000 | Acc 0.8259
Epoch 54 | Loss 0.1360 | CE 0.1360 | Contra 0.0000 | Acc 0.7851
Epoch 55 | Loss 0.1366 | CE 0.1366 | Contra 0.0000 | Acc 0.8219
Epoch 56 | Loss 0.1288 | CE 0.1288 | Contra 0.0000 | Acc 0.8299
Epoch 57 | Loss 0.1114 | CE 0.1114 | Contra 0.0000 | Acc 0.8106
Epoch 58 | Loss 0.1180 | CE 0.1180 | Contra 0.0000 | Acc 0.8109
Epoch 59 | Loss 0.1180 | CE 0.1180 | Contra 0.0000 | Acc 0.8137
Epoch 60 | Loss 0.1093 | CE 0.1093 | Contra 0.0000 | Acc 0.8287
Epoch 61 | Loss 0.1279 | CE 0.1279 | Contra 0.0000 | Acc 0.7849
[EARLY STOP] No improvement for 20 epochs
Dataset=stl10 | loss_type=sup_only
Labeled=5000, Unlabeled=100000
[RESUME] epoch=62, best_acc=0.8389
Epoch 62 | Loss 0.1203 | CE 0.1203 | Contra 0.0000 | Acc 0.8334
[EARLY STOP] No improvement for 21 epochs
Dataset=stl10 | loss_type=sup_only
Labeled=5000, Unlabeled=100000
[RESUME] epoch=63, best_acc=0.8389
Epoch 63 | Loss 0.1131 | CE 0.1131 | Contra 0.0000 | Acc 0.8266
[EARLY STOP] No improvement for 22 epochs
Dataset=stl10 | loss_type=sup_only
Labeled=5000, Unlabeled=100000
[RESUME] epoch=64, best_acc=0.8389
Epoch 64 | Loss 0.1012 | CE 0.1012 | Contra 0.0000 | Acc 0.8266
[EARLY STOP] No improvement for 23 epochs
Dataset=stl10 | loss_type=sup_only
Labeled=5000, Unlabeled=100000
[RESUME] epoch=65, best_acc=0.8389
Epoch 65 | Loss 0.1184 | CE 0.1184 | Contra 0.0000 | Acc 0.8039
[EARLY STOP] No improvement for 24 epochs
Dataset=stl10 | loss_type=sup_only
Labeled=5000, Unlabeled=100000
[RESUME] epoch=66, best_acc=0.8389
Epoch 66 | Loss 0.1038 | CE 0.1038 | Contra 0.0000 | Acc 0.8247
[EARLY STOP] No improvement for 25 epochs
Dataset=stl10 | loss_type=sup_only
Labeled=5000, Unlabeled=100000
[RESUME] epoch=67, best_acc=0.8389
Epoch 67 | Loss 0.1149 | CE 0.1149 | Contra 0.0000 | Acc 0.8320
[EARLY STOP] No improvement for 26 epochs
Dataset=stl10 | loss_type=sup_only
Labeled=5000, Unlabeled=100000
[RESUME] epoch=68, best_acc=0.8389
Epoch 68 | Loss 0.1214 | CE 0.1214 | Contra 0.0000 | Acc 0.8240
[EARLY STOP] No improvement for 27 epochs
Dataset=stl10 | loss_type=sup_only
Labeled=5000, Unlabeled=100000
[RESUME] epoch=69, best_acc=0.8389
Epoch 69 | Loss 0.1085 | CE 0.1085 | Contra 0.0000 | Acc 0.8200
[EARLY STOP] No improvement for 28 epochs
